#
# There is insufficient memory for the Java Runtime Environment to continue.
# Native memory allocation (malloc) failed to allocate 32744 bytes. Error detail: Chunk::new
# Possible reasons:
#   The system is out of physical RAM or swap space
#   This process is running with CompressedOops enabled, and the Java Heap may be blocking the growth of the native heap
# Possible solutions:
#   Reduce memory load on the system
#   Increase physical memory or swap space
#   Check if swap backing store is full
#   Decrease Java heap size (-Xmx/-Xms)
#   Decrease number of Java threads
#   Decrease Java thread stack sizes (-Xss)
#   Set larger code cache with -XX:ReservedCodeCacheSize=
#   JVM is running with Unscaled Compressed Oops mode in which the Java heap is
#     placed in the first 4GB address space. The Java Heap base address is the
#     maximum limit for the native heap growth. Please use -XX:HeapBaseMinAddress
#     to set the Java Heap base and to place the Java Heap above 4GB virtual address.
# This output file may be truncated or incomplete.
#
#  Out of Memory Error (arena.cpp:168), pid=21796, tid=21892
#
# JRE version: OpenJDK Runtime Environment Temurin-21.0.10+7 (21.0.10+7) (build 21.0.10+7-LTS)
# Java VM: OpenJDK 64-Bit Server VM Temurin-21.0.10+7 (21.0.10+7-LTS, mixed mode, sharing, tiered, compressed oops, compressed class ptrs, parallel gc, windows-amd64)
# No core dump will be written. Minidumps are not enabled by default on client versions of Windows
#

---------------  S U M M A R Y ------------

Command Line: --add-modules=ALL-SYSTEM --add-opens=java.base/java.util=ALL-UNNAMED --add-opens=java.base/java.lang=ALL-UNNAMED --add-opens=java.base/sun.nio.fs=ALL-UNNAMED -Declipse.application=org.eclipse.jdt.ls.core.id1 -Dosgi.bundles.defaultStartLevel=4 -Declipse.product=org.eclipse.jdt.ls.core.product -Djava.import.generatesMetadataFilesAtProjectRoot=false -DDetectVMInstallationsJob.disabled=true -Dfile.encoding=utf8 -XX:+UseParallelGC -XX:GCTimeRatio=4 -XX:AdaptiveSizePolicyWeight=90 -Dsun.zip.disableMemoryMapping=true -Xmx2G -Xms100m -Xlog:disable -javaagent:c:\Users\asus\.antigravity\extensions\redhat.java-1.54.0-win32-x64\lombok\lombok-1.18.39-4050.jar -XX:+HeapDumpOnOutOfMemoryError -XX:HeapDumpPath=c:\Users\asus\AppData\Roaming\Antigravity\User\workspaceStorage\dfdbc406f2562dfc06f22704ce32b1ad\redhat.java -Daether.dependencyCollector.impl=bf c:\Users\asus\.antigravity\extensions\redhat.java-1.54.0-win32-x64\server\plugins\org.eclipse.equinox.launcher_1.7.100.v20251111-0406.jar -configuration c:\Users\asus\AppData\Roaming\Antigravity\User\globalStorage\redhat.java\1.54.0\config_win -data c:\Users\asus\AppData\Roaming\Antigravity\User\workspaceStorage\dfdbc406f2562dfc06f22704ce32b1ad\redhat.java\jdt_ws --pipe=\\.\pipe\lsp-3e3551dc454495c3d96fe252c50dc04e-sock

Host: 12th Gen Intel(R) Core(TM) i5-12400F, 12 cores, 15G,  Windows 11 , 64 bit Build 26100 (10.0.26100.4484)
Time: Wed May 20 11:45:33 2026 India Standard Time elapsed time: 26.228069 seconds (0d 0h 0m 26s)

---------------  T H R E A D  ---------------

Current thread (0x00000198751ddc50):  JavaThread "C2 CompilerThread2" daemon [_thread_in_native, id=21892, stack(0x0000002b52900000,0x0000002b52a00000) (1024K)]


Current CompileTask:
C2:26228 12633       4       org.eclipse.jdt.internal.core.util.Util::splitOn (134 bytes)

Stack: [0x0000002b52900000,0x0000002b52a00000]
Native frames: (J=compiled Java code, j=interpreted, Vv=VM code, C=native code)
V  [jvm.dll+0x6d7a39]
V  [jvm.dll+0x8b4b26]
V  [jvm.dll+0x8b70de]
V  [jvm.dll+0x8b77c3]
V  [jvm.dll+0x284346]
V  [jvm.dll+0xc66ed]
V  [jvm.dll+0xc6c31]
V  [jvm.dll+0x65f8dd]
V  [jvm.dll+0x65fa6b]
V  [jvm.dll+0x66573b]
V  [jvm.dll+0x666736]
V  [jvm.dll+0x664a7b]
V  [jvm.dll+0x24c3db]
V  [jvm.dll+0x24bb40]
V  [jvm.dll+0x1cb34e]
V  [jvm.dll+0x25b85d]
V  [jvm.dll+0x259dea]
V  [jvm.dll+0x3f857e]
V  [jvm.dll+0x85f59d]
V  [jvm.dll+0x6d626d]
C  [ucrtbase.dll+0x37b0]
C  [KERNEL32.DLL+0x2e8d7]
C  [ntdll.dll+0x3c34c]


---------------  P R O C E S S  ---------------

Threads class SMR info:
_java_thread_list=0x0000019874009700, length=73, elements={
0x0000019853ebd330, 0x0000019853f673e0, 0x0000019853e6dbf0, 0x0000019853f692d0,
0x0000019853f6a190, 0x0000019853f6caa0, 0x0000019853f77fc0, 0x000001986bbf29e0,
0x000001986bbf35d0, 0x0000019853f75ef0, 0x0000019853f76580, 0x0000019853f76c10,
0x0000019853f77930, 0x0000019853f772a0, 0x0000019853f78650, 0x0000019853f751d0,
0x0000019853f75860, 0x0000019871da8c40, 0x0000019871daa680, 0x0000019871da7f20,
0x0000019871da92d0, 0x0000019871da9960, 0x0000019871dadb00, 0x0000019871daad10,
0x0000019871dab3a0, 0x0000019871dad470, 0x0000019871dacde0, 0x0000019871daeeb0,
0x0000019871dae190, 0x0000019871dac0c0, 0x0000019871dae820, 0x0000019871dac750,
0x0000019873472840, 0x0000019873471b20, 0x0000019873472ed0, 0x0000019873475630,
0x00000198734721b0, 0x0000019873476350, 0x00000198734769e0, 0x0000019873474fa0,
0x0000019873474280, 0x0000019873473560, 0x0000019873477070, 0x0000019873477d90,
0x0000019873478420, 0x0000019871da7890, 0x0000019873473bf0, 0x0000019873474910,
0x00000198759b3f20, 0x00000198759b4c40, 0x00000198759b52d0, 0x00000198759b3200,
0x00000198759b3890, 0x00000198759b5960, 0x00000198759b45b0, 0x00000198759b5ff0,
0x00000198759b2b70, 0x00000198759b7a30, 0x00000198759b9470, 0x00000198759b6d10,
0x00000198759b73a0, 0x00000198759b80c0, 0x00000198759b9b00, 0x00000198759b8750,
0x00000198759b8de0, 0x00000198759b6680, 0x00000198759ba190, 0x00000198748becc0,
0x00000198748c27d0, 0x00000198748bf350, 0x00000198748c1420, 0x00000198734da070,
0x00000198751ddc50
}
_to_delete_list=0x00000198466e10e0, length=72, elements={
0x0000019853ebd330, 0x0000019853f673e0, 0x0000019853e6dbf0, 0x0000019853f692d0,
0x0000019853f6a190, 0x0000019853f6caa0, 0x0000019853f77fc0, 0x000001986bbf29e0,
0x000001986bbf35d0, 0x0000019853f75ef0, 0x0000019853f76580, 0x0000019853f76c10,
0x0000019853f77930, 0x0000019853f772a0, 0x0000019853f78650, 0x0000019853f751d0,
0x0000019853f75860, 0x0000019871da8c40, 0x0000019871daa680, 0x0000019871da7f20,
0x0000019871da92d0, 0x0000019871da9960, 0x0000019871dadb00, 0x0000019871daad10,
0x0000019871dab3a0, 0x0000019871dad470, 0x0000019871dacde0, 0x0000019871daeeb0,
0x0000019871dae190, 0x0000019871dac0c0, 0x0000019871dae820, 0x0000019871dac750,
0x0000019873472840, 0x0000019873471b20, 0x0000019873472ed0, 0x0000019873475630,
0x00000198734721b0, 0x0000019873476350, 0x00000198734769e0, 0x0000019873474fa0,
0x0000019873474280, 0x0000019873473560, 0x0000019873477070, 0x0000019873477d90,
0x0000019873478420, 0x0000019871da7890, 0x0000019873473bf0, 0x0000019873474910,
0x00000198759b3f20, 0x00000198759b4c40, 0x00000198759b52d0, 0x00000198759b3200,
0x00000198759b3890, 0x00000198759b5960, 0x00000198759b45b0, 0x00000198759b5ff0,
0x00000198759b2b70, 0x00000198759b7a30, 0x00000198759b9470, 0x00000198759b6d10,
0x00000198759b73a0, 0x00000198759b80c0, 0x00000198759b9b00, 0x00000198759b8750,
0x00000198759b8de0, 0x00000198759b6680, 0x00000198759ba190, 0x00000198748becc0,
0x00000198748c27d0, 0x00000198748bf350, 0x00000198748c1420, 0x00000198734da070
}

Java Threads: ( => current thread )
  0x0000019853ebd330 JavaThread "main"                              [_thread_blocked, id=4628, stack(0x0000002b4d200000,0x0000002b4d300000) (1024K)]
  0x0000019853f673e0 JavaThread "Reference Handler"          daemon [_thread_blocked, id=22676, stack(0x0000002b4d600000,0x0000002b4d700000) (1024K)]
  0x0000019853e6dbf0 JavaThread "Finalizer"                  daemon [_thread_blocked, id=1060, stack(0x0000002b4d700000,0x0000002b4d800000) (1024K)]
  0x0000019853f692d0 JavaThread "Signal Dispatcher"          daemon [_thread_blocked, id=1344, stack(0x0000002b4d800000,0x0000002b4d900000) (1024K)]
  0x0000019853f6a190 JavaThread "Attach Listener"            daemon [_thread_blocked, id=13872, stack(0x0000002b4d900000,0x0000002b4da00000) (1024K)]
  0x0000019853f6caa0 JavaThread "Service Thread"             daemon [_thread_blocked, id=21120, stack(0x0000002b4da00000,0x0000002b4db00000) (1024K)]
  0x0000019853f77fc0 JavaThread "Monitor Deflation Thread"   daemon [_thread_blocked, id=20992, stack(0x0000002b4db00000,0x0000002b4dc00000) (1024K)]
  0x000001986bbf29e0 JavaThread "C2 CompilerThread0"         daemon [_thread_in_native, id=21368, stack(0x0000002b4dc00000,0x0000002b4dd00000) (1024K)]
  0x000001986bbf35d0 JavaThread "C1 CompilerThread0"         daemon [_thread_in_native, id=15372, stack(0x0000002b4dd00000,0x0000002b4de00000) (1024K)]
  0x0000019853f75ef0 JavaThread "Common-Cleaner"             daemon [_thread_blocked, id=23148, stack(0x0000002b4de00000,0x0000002b4df00000) (1024K)]
  0x0000019853f76580 JavaThread "Notification Thread"        daemon [_thread_blocked, id=2056, stack(0x0000002b4e000000,0x0000002b4e100000) (1024K)]
  0x0000019853f76c10 JavaThread "Active Thread: Equinox Container: fbeabf5d-f1e3-43eb-a5e8-3b95bb04b4b6"        [_thread_blocked, id=10012, stack(0x0000002b4e800000,0x0000002b4e900000) (1024K)]
  0x0000019853f77930 JavaThread "Refresh Thread: Equinox Container: fbeabf5d-f1e3-43eb-a5e8-3b95bb04b4b6" daemon [_thread_blocked, id=20552, stack(0x0000002b4e100000,0x0000002b4e200000) (1024K)]
  0x0000019853f772a0 JavaThread "Framework Event Dispatcher: Equinox Container: fbeabf5d-f1e3-43eb-a5e8-3b95bb04b4b6" daemon [_thread_blocked, id=22484, stack(0x0000002b4e900000,0x0000002b4ea00000) (1024K)]
  0x0000019853f78650 JavaThread "Start Level: Equinox Container: fbeabf5d-f1e3-43eb-a5e8-3b95bb04b4b6" daemon [_thread_blocked, id=6316, stack(0x0000002b4ea00000,0x0000002b4eb00000) (1024K)]
  0x0000019853f751d0 JavaThread "Bundle File Closer"         daemon [_thread_blocked, id=22172, stack(0x0000002b4ee00000,0x0000002b4ef00000) (1024K)]
  0x0000019853f75860 JavaThread "SCR Component Actor"        daemon [_thread_blocked, id=21904, stack(0x0000002b4eb00000,0x0000002b4ec00000) (1024K)]
  0x0000019871da8c40 JavaThread "Worker-JM"                         [_thread_blocked, id=9712, stack(0x0000002b4f100000,0x0000002b4f200000) (1024K)]
  0x0000019871daa680 JavaThread "JNA Cleaner"                daemon [_thread_blocked, id=23072, stack(0x0000002b4ef00000,0x0000002b4f000000) (1024K)]
  0x0000019871da7f20 JavaThread "Worker-0"                          [_thread_blocked, id=1216, stack(0x0000002b4f300000,0x0000002b4f400000) (1024K)]
  0x0000019871da92d0 JavaThread "Worker-1"                          [_thread_blocked, id=21576, stack(0x0000002b4f400000,0x0000002b4f500000) (1024K)]
  0x0000019871da9960 JavaThread "Worker-2"                          [_thread_blocked, id=21900, stack(0x0000002b4f500000,0x0000002b4f600000) (1024K)]
  0x0000019871dadb00 JavaThread "Java indexing"              daemon [_thread_blocked, id=17904, stack(0x0000002b4f600000,0x0000002b4f700000) (1024K)]
  0x0000019871daad10 JavaThread "Worker-3"                          [_thread_blocked, id=22504, stack(0x0000002b4fa00000,0x0000002b4fb00000) (1024K)]
  0x0000019871dab3a0 JavaThread "Worker-4"                          [_thread_blocked, id=11960, stack(0x0000002b4fb00000,0x0000002b4fc00000) (1024K)]
  0x0000019871dad470 JavaThread "Thread-1"                   daemon [_thread_in_native, id=19964, stack(0x0000002b4fc00000,0x0000002b4fd00000) (1024K)]
  0x0000019871dacde0 JavaThread "Thread-2"                   daemon [_thread_in_native, id=10744, stack(0x0000002b4fd00000,0x0000002b4fe00000) (1024K)]
  0x0000019871daeeb0 JavaThread "Thread-3"                   daemon [_thread_in_native, id=22168, stack(0x0000002b4fe00000,0x0000002b4ff00000) (1024K)]
  0x0000019871dae190 JavaThread "Thread-4"                   daemon [_thread_in_native, id=14236, stack(0x0000002b4ff00000,0x0000002b50000000) (1024K)]
  0x0000019871dac0c0 JavaThread "Thread-5"                   daemon [_thread_in_native, id=3648, stack(0x0000002b50000000,0x0000002b50100000) (1024K)]
  0x0000019871dae820 JavaThread "Thread-6"                   daemon [_thread_in_native, id=22512, stack(0x0000002b50100000,0x0000002b50200000) (1024K)]
  0x0000019871dac750 JavaThread "Thread-7"                   daemon [_thread_in_native, id=22496, stack(0x0000002b50200000,0x0000002b50300000) (1024K)]
  0x0000019873472840 JavaThread "Thread-8"                   daemon [_thread_in_native, id=22492, stack(0x0000002b50300000,0x0000002b50400000) (1024K)]
  0x0000019873471b20 JavaThread "Thread-9"                   daemon [_thread_in_native, id=22480, stack(0x0000002b50400000,0x0000002b50500000) (1024K)]
  0x0000019873472ed0 JavaThread "Thread-10"                  daemon [_thread_in_native, id=22500, stack(0x0000002b50500000,0x0000002b50600000) (1024K)]
  0x0000019873475630 JavaThread "Thread-11"                  daemon [_thread_in_native, id=22028, stack(0x0000002b50600000,0x0000002b50700000) (1024K)]
  0x00000198734721b0 JavaThread "Thread-12"                  daemon [_thread_in_native, id=19132, stack(0x0000002b50700000,0x0000002b50800000) (1024K)]
  0x0000019873476350 JavaThread "Thread-13"                  daemon [_thread_in_native, id=22524, stack(0x0000002b50800000,0x0000002b50900000) (1024K)]
  0x00000198734769e0 JavaThread "pool-2-thread-1"                   [_thread_blocked, id=23548, stack(0x0000002b50900000,0x0000002b50a00000) (1024K)]
  0x0000019873474fa0 JavaThread "WorkspaceEventsHandler"            [_thread_blocked, id=14908, stack(0x0000002b50a00000,0x0000002b50b00000) (1024K)]
  0x0000019873474280 JavaThread "pool-1-thread-1"                   [_thread_blocked, id=8448, stack(0x0000002b50b00000,0x0000002b50c00000) (1024K)]
  0x0000019873473560 JavaThread "Worker-5: Initialize workspace"        [_thread_in_Java, id=17752, stack(0x0000002b50c00000,0x0000002b50d00000) (1024K)]
  0x0000019873477070 JavaThread "Worker-6"                          [_thread_blocked, id=19376, stack(0x0000002b50d00000,0x0000002b50e00000) (1024K)]
  0x0000019873477d90 JavaThread "Timer-0"                           [_thread_blocked, id=22472, stack(0x0000002b50f00000,0x0000002b51000000) (1024K)]
  0x0000019873478420 JavaThread "ForkJoinPool.commonPool-worker-1" daemon [_thread_blocked, id=4028, stack(0x0000002b51100000,0x0000002b51200000) (1024K)]
  0x0000019871da7890 JavaThread "LocalFile Deleter"          daemon [_thread_blocked, id=5840, stack(0x0000002b50e00000,0x0000002b50f00000) (1024K)]
  0x0000019873473bf0 JavaThread "LocalFile Deleter"          daemon [_thread_blocked, id=13956, stack(0x0000002b51000000,0x0000002b51100000) (1024K)]
  0x0000019873474910 JavaThread "LocalFile Deleter"          daemon [_thread_blocked, id=14600, stack(0x0000002b51200000,0x0000002b51300000) (1024K)]
  0x00000198759b3f20 JavaThread "LocalFile Deleter"          daemon [_thread_blocked, id=11872, stack(0x0000002b51300000,0x0000002b51400000) (1024K)]
  0x00000198759b4c40 JavaThread "LocalFile Deleter"          daemon [_thread_blocked, id=13676, stack(0x0000002b51400000,0x0000002b51500000) (1024K)]
  0x00000198759b52d0 JavaThread "LocalFile Deleter"          daemon [_thread_blocked, id=11260, stack(0x0000002b51500000,0x0000002b51600000) (1024K)]
  0x00000198759b3200 JavaThread "LocalFile Deleter"          daemon [_thread_blocked, id=12812, stack(0x0000002b51600000,0x0000002b51700000) (1024K)]
  0x00000198759b3890 JavaThread "LocalFile Deleter"          daemon [_thread_blocked, id=17988, stack(0x0000002b51700000,0x0000002b51800000) (1024K)]
  0x00000198759b5960 JavaThread "LocalFile Deleter"          daemon [_thread_blocked, id=21688, stack(0x0000002b51800000,0x0000002b51900000) (1024K)]
  0x00000198759b45b0 JavaThread "LocalFile Deleter"          daemon [_thread_blocked, id=21632, stack(0x0000002b51900000,0x0000002b51a00000) (1024K)]
  0x00000198759b5ff0 JavaThread "LocalFile Deleter"          daemon [_thread_blocked, id=21628, stack(0x0000002b51a00000,0x0000002b51b00000) (1024K)]
  0x00000198759b2b70 JavaThread "LocalFile Deleter"          daemon [_thread_blocked, id=21624, stack(0x0000002b51b00000,0x0000002b51c00000) (1024K)]
  0x00000198759b7a30 JavaThread "Compiler Source File Reader" daemon [_thread_blocked, id=21620, stack(0x0000002b51c00000,0x0000002b51d00000) (1024K)]
  0x00000198759b9470 JavaThread "Compiler Source File Reader" daemon [_thread_blocked, id=8960, stack(0x0000002b51d00000,0x0000002b51e00000) (1024K)]
  0x00000198759b6d10 JavaThread "Compiler Source File Reader" daemon [_thread_blocked, id=18836, stack(0x0000002b51e00000,0x0000002b51f00000) (1024K)]
  0x00000198759b73a0 JavaThread "Compiler Source File Reader" daemon [_thread_blocked, id=19208, stack(0x0000002b51f00000,0x0000002b52000000) (1024K)]
  0x00000198759b80c0 JavaThread "Compiler Source File Reader" daemon [_thread_blocked, id=15492, stack(0x0000002b52000000,0x0000002b52100000) (1024K)]
  0x00000198759b9b00 JavaThread "Compiler Source File Reader" daemon [_thread_blocked, id=15736, stack(0x0000002b52100000,0x0000002b52200000) (1024K)]
  0x00000198759b8750 JavaThread "Compiler Source File Reader" daemon [_thread_blocked, id=18884, stack(0x0000002b52200000,0x0000002b52300000) (1024K)]
  0x00000198759b8de0 JavaThread "Compiler Source File Reader" daemon [_thread_blocked, id=5884, stack(0x0000002b52300000,0x0000002b52400000) (1024K)]
  0x00000198759b6680 JavaThread "Compiler Source File Reader" daemon [_thread_blocked, id=19472, stack(0x0000002b52400000,0x0000002b52500000) (1024K)]
  0x00000198759ba190 JavaThread "Compiler Source File Reader" daemon [_thread_blocked, id=7192, stack(0x0000002b52500000,0x0000002b52600000) (1024K)]
  0x00000198748becc0 JavaThread "ForkJoinPool.commonPool-worker-2" daemon [_thread_blocked, id=20840, stack(0x0000002b4f000000,0x0000002b4f100000) (1024K)]
  0x00000198748c27d0 JavaThread "ForkJoinPool.commonPool-worker-3" daemon [_thread_blocked, id=9300, stack(0x0000002b4f200000,0x0000002b4f300000) (1024K)]
  0x00000198748bf350 JavaThread "ForkJoinPool.commonPool-worker-4" daemon [_thread_blocked, id=22268, stack(0x0000002b52600000,0x0000002b52700000) (1024K)]
  0x00000198748c1420 JavaThread "ForkJoinPool.commonPool-worker-5" daemon [_thread_blocked, id=6096, stack(0x0000002b52700000,0x0000002b52800000) (1024K)]
  0x00000198734da070 JavaThread "C2 CompilerThread1"         daemon [_thread_in_native, id=22532, stack(0x0000002b52800000,0x0000002b52900000) (1024K)]
=>0x00000198751ddc50 JavaThread "C2 CompilerThread2"         daemon [_thread_in_native, id=21892, stack(0x0000002b52900000,0x0000002b52a00000) (1024K)]
Total: 73

Other Threads:
  0x0000019853e54ac0 VMThread "VM Thread"                           [id=21036, stack(0x0000002b4d500000,0x0000002b4d600000) (1024K)]
  0x0000019853d4ca00 WatcherThread "VM Periodic Task Thread"        [id=22640, stack(0x0000002b4d400000,0x0000002b4d500000) (1024K)]
  0x0000019853edcde0 WorkerThread "GC Thread#0"                     [id=13548, stack(0x0000002b4d300000,0x0000002b4d400000) (1024K)]
  0x0000019871015ac0 WorkerThread "GC Thread#1"                     [id=14668, stack(0x0000002b4e200000,0x0000002b4e300000) (1024K)]
  0x0000019871014c00 WorkerThread "GC Thread#2"                     [id=22688, stack(0x0000002b4e300000,0x0000002b4e400000) (1024K)]
  0x0000019871014fb0 WorkerThread "GC Thread#3"                     [id=11936, stack(0x0000002b4e400000,0x0000002b4e500000) (1024K)]
  0x00000198710140f0 WorkerThread "GC Thread#4"                     [id=18452, stack(0x0000002b4e500000,0x0000002b4e600000) (1024K)]
  0x0000019871015710 WorkerThread "GC Thread#5"                     [id=17748, stack(0x0000002b4e600000,0x0000002b4e700000) (1024K)]
  0x00000198710144a0 WorkerThread "GC Thread#6"                     [id=20676, stack(0x0000002b4e700000,0x0000002b4e800000) (1024K)]
  0x0000019871015360 WorkerThread "GC Thread#7"                     [id=20900, stack(0x0000002b4df00000,0x0000002b4e000000) (1024K)]
  0x00000198717c5250 WorkerThread "GC Thread#8"                     [id=16880, stack(0x0000002b4ec00000,0x0000002b4ed00000) (1024K)]
  0x00000198717c29c0 WorkerThread "GC Thread#9"                     [id=18888, stack(0x0000002b4ed00000,0x0000002b4ee00000) (1024K)]
Total: 12

Threads with active compile tasks:
C2 CompilerThread0  26247 12375  s!   4       org.eclipse.jdt.internal.core.index.DiskIndex::readCategoryTable (743 bytes)
C2 CompilerThread1  26247 12581       4       org.eclipse.jdt.internal.compiler.classfmt.ModuleInfo::readModuleAttribute (1166 bytes)
C2 CompilerThread2  26247 12633       4       org.eclipse.jdt.internal.core.util.Util::splitOn (134 bytes)
Total: 3

VM state: not at safepoint (normal execution)

VM Mutex/Monitor currently owned by a thread: None

Heap address: 0x0000000080000000, size: 2048 MB, Compressed Oops mode: 32-bit

CDS archive(s) mapped at: [0x0000019800000000-0x0000019800ba0000-0x0000019800ba0000), size 12189696, SharedBaseAddress: 0x0000019800000000, ArchiveRelocationMode: 1.
Compressed class space mapped at: 0x0000019801000000-0x0000019841000000, reserved size: 1073741824
Narrow klass base: 0x0000019800000000, Narrow klass shift: 0, Narrow klass range: 0x100000000

GC Precious Log:
 CardTable entry size: 512
 CPUs: 12 total, 12 available
 Memory: 16197M
 Large Page Support: Disabled
 NUMA Support: Disabled
 Compressed Oops: Enabled (32-bit)
 Alignments: Space 512K, Generation 512K, Heap 2M
 Heap Min Capacity: 100M
 Heap Initial Capacity: 100M
 Heap Max Capacity: 2G
 Pre-touch: Disabled
 Parallel Workers: 10

Heap:
 PSYoungGen      total 7680K, used 2159K [0x00000000d5580000, 0x00000000d6200000, 0x0000000100000000)
  eden space 7168K, 25% used [0x00000000d5580000,0x00000000d5743f50,0x00000000d5c80000)
  from space 512K, 68% used [0x00000000d6180000,0x00000000d61d8000,0x00000000d6200000)
  to   space 1024K, 0% used [0x00000000d6000000,0x00000000d6000000,0x00000000d6100000)
 ParOldGen       total 346624K, used 325133K [0x0000000080000000, 0x0000000095280000, 0x00000000d5580000)
  object space 346624K, 93% used [0x0000000080000000,0x0000000093d83420,0x0000000095280000)
 Metaspace       used 68524K, committed 70016K, reserved 1114112K
  class space    used 7694K, committed 8320K, reserved 1048576K

Card table byte_map: [0x0000019853860000,0x0000019853c70000] _byte_map_base: 0x0000019853460000

Marking Bits: (ParMarkBitMap*) 0x00007ffa05103450
 Begin Bits: [0x0000019866370000, 0x0000019868370000)
 End Bits:   [0x0000019868370000, 0x000001986a370000)

Polling page: 0x0000019851d20000

Metaspace:

Usage:
  Non-class:     59.40 MB used.
      Class:      7.51 MB used.
       Both:     66.92 MB used.

Virtual space:
  Non-class space:       64.00 MB reserved,      60.25 MB ( 94%) committed,  1 nodes.
      Class space:        1.00 GB reserved,       8.12 MB ( <1%) committed,  1 nodes.
             Both:        1.06 GB reserved,      68.38 MB (  6%) committed. 

Chunk freelists:
   Non-Class:  3.41 MB
       Class:  7.90 MB
        Both:  11.31 MB

MaxMetaspaceSize: unlimited
CompressedClassSpaceSize: 1.00 GB
Initial GC threshold: 21.00 MB
Current GC threshold: 112.31 MB
CDS: on
 - commit_granule_bytes: 65536.
 - commit_granule_words: 8192.
 - virtual_space_node_default_size: 8388608.
 - enlarge_chunks_in_place: 1.
 - use_allocation_guard: 0.


Internal statistics:

num_allocs_failed_limit: 11.
num_arena_births: 1238.
num_arena_deaths: 14.
num_vsnodes_births: 2.
num_vsnodes_deaths: 0.
num_space_committed: 1094.
num_space_uncommitted: 0.
num_chunks_returned_to_freelist: 25.
num_chunks_taken_from_freelist: 4455.
num_chunk_merges: 17.
num_chunk_splits: 2777.
num_chunks_enlarged: 1612.
num_inconsistent_stats: 0.

CodeHeap 'non-profiled nmethods': size=120000Kb used=7949Kb max_used=10357Kb free=112050Kb
 bounds [0x000001985eb90000, 0x000001985f5b0000, 0x00000198660c0000]
CodeHeap 'profiled nmethods': size=120000Kb used=17568Kb max_used=24949Kb free=102431Kb
 bounds [0x00000198570c0000, 0x0000019858920000, 0x000001985e5f0000]
CodeHeap 'non-nmethods': size=5760Kb used=1431Kb max_used=1512Kb free=4328Kb
 bounds [0x000001985e5f0000, 0x000001985e860000, 0x000001985eb90000]
CodeCache: size=245760Kb, used=26948Kb, max_used=36818Kb, free=218809Kb
 total_blobs=10244, nmethods=9506, adapters=642, full_count=0
Compilation: enabled, stopped_count=0, restarted_count=0

Compilation events (20 events):
Event: 26.213 Thread 0x00000198751ddc50 12624       4       java.util.HashMap::keysToArray (81 bytes)
Event: 26.213 Thread 0x000001986bbf35d0 12625       1       org.eclipse.jdt.internal.launching.RuntimeClasspathEntry::setJavaProject (6 bytes)
Event: 26.213 Thread 0x000001986bbf35d0 nmethod 12625 0x000001985ef46f90 code [0x000001985ef47120, 0x000001985ef47200]
Event: 26.213 Thread 0x000001986bbf35d0 12626       1       org.eclipse.jdt.internal.launching.RuntimeClasspathEntry::getJavaProject (5 bytes)
Event: 26.213 Thread 0x000001986bbf35d0 nmethod 12626 0x000001985f06b510 code [0x000001985f06b6a0, 0x000001985f06b768]
Event: 26.213 Thread 0x000001986bbf35d0 12627       3       com.google.gson.internal.bind.ReflectiveTypeAdapterFactory$FieldReflectionAdapter::readField (7 bytes)
Event: 26.213 Thread 0x000001986bbf35d0 nmethod 12627 0x0000019857490990 code [0x0000019857490b40, 0x0000019857490d28]
Event: 26.213 Thread 0x000001986bbf35d0 12628       3       com.google.gson.internal.bind.ReflectiveTypeAdapterFactory$2::readIntoField (93 bytes)
Event: 26.214 Thread 0x000001986bbf35d0 nmethod 12628 0x000001985772e190 code [0x000001985772e4a0, 0x000001985772f200]
Event: 26.215 Thread 0x000001986bbf35d0 12630   !   3       jdk.internal.jrtfs.JrtPath::toUri (169 bytes)
Event: 26.215 Thread 0x000001986bbf35d0 nmethod 12630 0x0000019857e73b90 code [0x0000019857e73f00, 0x0000019857e75118]
Event: 26.216 Thread 0x000001986bbf35d0 12634       3       jdk.internal.loader.URLClassPath$1::hasMoreElements (5 bytes)
Event: 26.216 Thread 0x000001986bbf35d0 nmethod 12634 0x000001985748d210 code [0x000001985748d3c0, 0x000001985748d4f8]
Event: 26.217 Thread 0x00000198751ddc50 nmethod 12624 0x000001985ef16190 code [0x000001985ef16320, 0x000001985ef166e0]
Event: 26.217 Thread 0x00000198751ddc50 12633       4       org.eclipse.jdt.internal.core.util.Util::splitOn (134 bytes)
Event: 26.221 Thread 0x000001986bbf35d0 12636       3       com.sun.org.apache.xerces.internal.dom.ParentNode::lastChild (19 bytes)
Event: 26.221 Thread 0x000001986bbf35d0 nmethod 12636 0x0000019857c16b10 code [0x0000019857c16cc0, 0x0000019857c16e48]
Event: 26.226 Thread 0x000001986bbf35d0 12637       3       org.eclipse.jdt.core.JavaCore::getClasspathContainer (27 bytes)
Event: 26.226 Thread 0x000001986bbf35d0 nmethod 12637 0x0000019857608d10 code [0x0000019857608ee0, 0x0000019857609168]
Event: 26.226 Thread 0x000001986bbf35d0 12638   !   3       org.eclipse.jdt.internal.core.JavaModelManager::getClasspathContainer (92 bytes)

GC Heap History (20 events):
Event: 25.137 GC heap before
{Heap before GC invocations=1194 (full 4):
 PSYoungGen      total 6656K, used 5476K [0x00000000d5580000, 0x00000000d5e80000, 0x0000000100000000)
  eden space 4096K, 96% used [0x00000000d5580000,0x00000000d5961028,0x00000000d5980000)
  from space 2560K, 58% used [0x00000000d5980000,0x00000000d5af8000,0x00000000d5c00000)
  to   space 2048K, 0% used [0x00000000d5c80000,0x00000000d5c80000,0x00000000d5e80000)
 ParOldGen       total 507904K, used 507660K [0x0000000080000000, 0x000000009f000000, 0x00000000d5580000)
  object space 507904K, 99% used [0x0000000080000000,0x000000009efc3060,0x000000009f000000)
 Metaspace       used 67441K, committed 68800K, reserved 1114112K
  class space    used 7608K, committed 8192K, reserved 1048576K
}
Event: 25.138 GC heap after
{Heap after GC invocations=1194 (full 4):
 PSYoungGen      total 6656K, used 1504K [0x00000000d5580000, 0x00000000d5e00000, 0x0000000100000000)
  eden space 5120K, 0% used [0x00000000d5580000,0x00000000d5580000,0x00000000d5a80000)
  from space 1536K, 97% used [0x00000000d5c80000,0x00000000d5df8000,0x00000000d5e00000)
  to   space 1536K, 0% used [0x00000000d5b00000,0x00000000d5b00000,0x00000000d5c80000)
 ParOldGen       total 509440K, used 509036K [0x0000000080000000, 0x000000009f180000, 0x00000000d5580000)
  object space 509440K, 99% used [0x0000000080000000,0x000000009f11b060,0x000000009f180000)
 Metaspace       used 67441K, committed 68800K, reserved 1114112K
  class space    used 7608K, committed 8192K, reserved 1048576K
}
Event: 25.147 GC heap before
{Heap before GC invocations=1195 (full 4):
 PSYoungGen      total 6656K, used 6624K [0x00000000d5580000, 0x00000000d5e00000, 0x0000000100000000)
  eden space 5120K, 100% used [0x00000000d5580000,0x00000000d5a80000,0x00000000d5a80000)
  from space 1536K, 97% used [0x00000000d5c80000,0x00000000d5df8000,0x00000000d5e00000)
  to   space 1536K, 0% used [0x00000000d5b00000,0x00000000d5b00000,0x00000000d5c80000)
 ParOldGen       total 509440K, used 509036K [0x0000000080000000, 0x000000009f180000, 0x00000000d5580000)
  object space 509440K, 99% used [0x0000000080000000,0x000000009f11b060,0x000000009f180000)
 Metaspace       used 67443K, committed 68800K, reserved 1114112K
  class space    used 7608K, committed 8192K, reserved 1048576K
}
Event: 25.150 GC heap after
{Heap after GC invocations=1195 (full 4):
 PSYoungGen      total 7168K, used 1507K [0x00000000d5580000, 0x00000000d6a80000, 0x0000000100000000)
  eden space 5632K, 0% used [0x00000000d5580000,0x00000000d5580000,0x00000000d5b00000)
  from space 1536K, 98% used [0x00000000d5b00000,0x00000000d5c78c58,0x00000000d5c80000)
  to   space 7680K, 0% used [0x00000000d6300000,0x00000000d6300000,0x00000000d6a80000)
 ParOldGen       total 514048K, used 514012K [0x0000000080000000, 0x000000009f600000, 0x00000000d5580000)
  object space 514048K, 99% used [0x0000000080000000,0x000000009f5f7060,0x000000009f600000)
 Metaspace       used 67443K, committed 68800K, reserved 1114112K
  class space    used 7608K, committed 8192K, reserved 1048576K
}
Event: 25.159 GC heap before
{Heap before GC invocations=1196 (full 4):
 PSYoungGen      total 7168K, used 7139K [0x00000000d5580000, 0x00000000d6a80000, 0x0000000100000000)
  eden space 5632K, 100% used [0x00000000d5580000,0x00000000d5b00000,0x00000000d5b00000)
  from space 1536K, 98% used [0x00000000d5b00000,0x00000000d5c78c58,0x00000000d5c80000)
  to   space 7680K, 0% used [0x00000000d6300000,0x00000000d6300000,0x00000000d6a80000)
 ParOldGen       total 514048K, used 514012K [0x0000000080000000, 0x000000009f600000, 0x00000000d5580000)
  object space 514048K, 99% used [0x0000000080000000,0x000000009f5f7060,0x000000009f600000)
 Metaspace       used 67446K, committed 68864K, reserved 1114112K
  class space    used 7608K, committed 8192K, reserved 1048576K
}
Event: 25.161 GC heap after
{Heap after GC invocations=1196 (full 4):
 PSYoungGen      total 10752K, used 3383K [0x00000000d5580000, 0x00000000d6680000, 0x0000000100000000)
  eden space 7168K, 0% used [0x00000000d5580000,0x00000000d5580000,0x00000000d5c80000)
  from space 3584K, 94% used [0x00000000d6300000,0x00000000d664dd18,0x00000000d6680000)
  to   space 4608K, 0% used [0x00000000d5d80000,0x00000000d5d80000,0x00000000d6200000)
 ParOldGen       total 515584K, used 515431K [0x0000000080000000, 0x000000009f780000, 0x00000000d5580000)
  object space 515584K, 99% used [0x0000000080000000,0x000000009f759d80,0x000000009f780000)
 Metaspace       used 67446K, committed 68864K, reserved 1114112K
  class space    used 7608K, committed 8192K, reserved 1048576K
}
Event: 25.784 GC heap before
{Heap before GC invocations=1197 (full 4):
 PSYoungGen      total 10752K, used 10551K [0x00000000d5580000, 0x00000000d6680000, 0x0000000100000000)
  eden space 7168K, 100% used [0x00000000d5580000,0x00000000d5c80000,0x00000000d5c80000)
  from space 3584K, 94% used [0x00000000d6300000,0x00000000d664dd18,0x00000000d6680000)
  to   space 4608K, 0% used [0x00000000d5d80000,0x00000000d5d80000,0x00000000d6200000)
 ParOldGen       total 515584K, used 515431K [0x0000000080000000, 0x000000009f780000, 0x00000000d5580000)
  object space 515584K, 99% used [0x0000000080000000,0x000000009f759d80,0x000000009f780000)
 Metaspace       used 67550K, committed 68992K, reserved 1114112K
  class space    used 7620K, committed 8256K, reserved 1048576K
}
Event: 25.787 GC heap after
{Heap after GC invocations=1197 (full 4):
 PSYoungGen      total 10752K, used 10551K [0x00000000d5580000, 0x00000000d6680000, 0x0000000100000000)
  eden space 7168K, 100% used [0x00000000d5580000,0x00000000d5c80000,0x00000000d5c80000)
  from space 3584K, 94% used [0x00000000d6300000,0x00000000d664dd18,0x00000000d6680000)
  to   space 4608K, 78% used [0x00000000d5d80000,0x00000000d610a288,0x00000000d6200000)
 ParOldGen       total 518144K, used 517711K [0x0000000080000000, 0x000000009fa00000, 0x00000000d5580000)
  object space 518144K, 99% used [0x0000000080000000,0x000000009f993db8,0x000000009fa00000)
 Metaspace       used 67550K, committed 68992K, reserved 1114112K
  class space    used 7620K, committed 8256K, reserved 1048576K
}
Event: 25.787 GC heap before
{Heap before GC invocations=1198 (full 5):
 PSYoungGen      total 10752K, used 10551K [0x00000000d5580000, 0x00000000d6680000, 0x0000000100000000)
  eden space 7168K, 100% used [0x00000000d5580000,0x00000000d5c80000,0x00000000d5c80000)
  from space 3584K, 94% used [0x00000000d6300000,0x00000000d664dd18,0x00000000d6680000)
  to   space 4608K, 78% used [0x00000000d5d80000,0x00000000d610a288,0x00000000d6200000)
 ParOldGen       total 518144K, used 517711K [0x0000000080000000, 0x000000009fa00000, 0x00000000d5580000)
  object space 518144K, 99% used [0x0000000080000000,0x000000009f993db8,0x000000009fa00000)
 Metaspace       used 67550K, committed 68992K, reserved 1114112K
  class space    used 7620K, committed 8256K, reserved 1048576K
}
Event: 25.882 GC heap after
{Heap after GC invocations=1198 (full 5):
 PSYoungGen      total 7680K, used 0K [0x00000000d5580000, 0x00000000d6580000, 0x0000000100000000)
  eden space 7168K, 0% used [0x00000000d5580000,0x00000000d5580000,0x00000000d5c80000)
  from space 512K, 0% used [0x00000000d5d80000,0x00000000d5d80000,0x00000000d5e00000)
  to   space 4608K, 0% used [0x00000000d6100000,0x00000000d6100000,0x00000000d6580000)
 ParOldGen       total 346624K, used 316774K [0x0000000080000000, 0x0000000095280000, 0x00000000d5580000)
  object space 346624K, 91% used [0x0000000080000000,0x0000000093559ad8,0x0000000095280000)
 Metaspace       used 67550K, committed 68992K, reserved 1114112K
  class space    used 7620K, committed 8256K, reserved 1048576K
}
Event: 25.983 GC heap before
{Heap before GC invocations=1199 (full 5):
 PSYoungGen      total 7680K, used 7168K [0x00000000d5580000, 0x00000000d6580000, 0x0000000100000000)
  eden space 7168K, 100% used [0x00000000d5580000,0x00000000d5c80000,0x00000000d5c80000)
  from space 512K, 0% used [0x00000000d5d80000,0x00000000d5d80000,0x00000000d5e00000)
  to   space 4608K, 0% used [0x00000000d6100000,0x00000000d6100000,0x00000000d6580000)
 ParOldGen       total 346624K, used 316774K [0x0000000080000000, 0x0000000095280000, 0x00000000d5580000)
  object space 346624K, 91% used [0x0000000080000000,0x0000000093559ad8,0x0000000095280000)
 Metaspace       used 68067K, committed 69504K, reserved 1114112K
  class space    used 7667K, committed 8256K, reserved 1048576K
}
Event: 25.985 GC heap after
{Heap after GC invocations=1199 (full 5):
 PSYoungGen      total 9216K, used 1966K [0x00000000d5580000, 0x00000000d6300000, 0x0000000100000000)
  eden space 7168K, 0% used [0x00000000d5580000,0x00000000d5580000,0x00000000d5c80000)
  from space 2048K, 96% used [0x00000000d6100000,0x00000000d62eb990,0x00000000d6300000)
  to   space 3072K, 0% used [0x00000000d5d00000,0x00000000d5d00000,0x00000000d6000000)
 ParOldGen       total 346624K, used 316782K [0x0000000080000000, 0x0000000095280000, 0x00000000d5580000)
  object space 346624K, 91% used [0x0000000080000000,0x000000009355bad8,0x0000000095280000)
 Metaspace       used 68067K, committed 69504K, reserved 1114112K
  class space    used 7667K, committed 8256K, reserved 1048576K
}
Event: 26.015 GC heap before
{Heap before GC invocations=1200 (full 5):
 PSYoungGen      total 9216K, used 9134K [0x00000000d5580000, 0x00000000d6300000, 0x0000000100000000)
  eden space 7168K, 100% used [0x00000000d5580000,0x00000000d5c80000,0x00000000d5c80000)
  from space 2048K, 96% used [0x00000000d6100000,0x00000000d62eb990,0x00000000d6300000)
  to   space 3072K, 0% used [0x00000000d5d00000,0x00000000d5d00000,0x00000000d6000000)
 ParOldGen       total 346624K, used 316782K [0x0000000080000000, 0x0000000095280000, 0x00000000d5580000)
  object space 346624K, 91% used [0x0000000080000000,0x000000009355bad8,0x0000000095280000)
 Metaspace       used 68261K, committed 69760K, reserved 1114112K
  class space    used 7688K, committed 8320K, reserved 1048576K
}
Event: 26.017 GC heap after
{Heap after GC invocations=1200 (full 5):
 PSYoungGen      total 10240K, used 3049K [0x00000000d5580000, 0x00000000d6880000, 0x0000000100000000)
  eden space 7168K, 0% used [0x00000000d5580000,0x00000000d5580000,0x00000000d5c80000)
  from space 3072K, 99% used [0x00000000d5d00000,0x00000000d5ffa560,0x00000000d6000000)
  to   space 6144K, 0% used [0x00000000d6280000,0x00000000d6280000,0x00000000d6880000)
 ParOldGen       total 346624K, used 319169K [0x0000000080000000, 0x0000000095280000, 0x00000000d5580000)
  object space 346624K, 92% used [0x0000000080000000,0x00000000937b0680,0x0000000095280000)
 Metaspace       used 68261K, committed 69760K, reserved 1114112K
  class space    used 7688K, committed 8320K, reserved 1048576K
}
Event: 26.062 GC heap before
{Heap before GC invocations=1201 (full 5):
 PSYoungGen      total 10240K, used 10217K [0x00000000d5580000, 0x00000000d6880000, 0x0000000100000000)
  eden space 7168K, 100% used [0x00000000d5580000,0x00000000d5c80000,0x00000000d5c80000)
  from space 3072K, 99% used [0x00000000d5d00000,0x00000000d5ffa560,0x00000000d6000000)
  to   space 6144K, 0% used [0x00000000d6280000,0x00000000d6280000,0x00000000d6880000)
 ParOldGen       total 346624K, used 319169K [0x0000000080000000, 0x0000000095280000, 0x00000000d5580000)
  object space 346624K, 92% used [0x0000000080000000,0x00000000937b0680,0x0000000095280000)
 Metaspace       used 68351K, committed 69824K, reserved 1114112K
  class space    used 7694K, committed 8320K, reserved 1048576K
}
Event: 26.066 GC heap after
{Heap after GC invocations=1201 (full 5):
 PSYoungGen      total 10240K, used 2880K [0x00000000d5580000, 0x00000000d6580000, 0x0000000100000000)
  eden space 7168K, 0% used [0x00000000d5580000,0x00000000d5580000,0x00000000d5c80000)
  from space 3072K, 93% used [0x00000000d6280000,0x00000000d6550040,0x00000000d6580000)
  to   space 4096K, 0% used [0x00000000d5d80000,0x00000000d5d80000,0x00000000d6180000)
 ParOldGen       total 346624K, used 322264K [0x0000000080000000, 0x0000000095280000, 0x00000000d5580000)
  object space 346624K, 92% used [0x0000000080000000,0x0000000093ab6060,0x0000000095280000)
 Metaspace       used 68351K, committed 69824K, reserved 1114112K
  class space    used 7694K, committed 8320K, reserved 1048576K
}
Event: 26.115 GC heap before
{Heap before GC invocations=1202 (full 5):
 PSYoungGen      total 10240K, used 10048K [0x00000000d5580000, 0x00000000d6580000, 0x0000000100000000)
  eden space 7168K, 100% used [0x00000000d5580000,0x00000000d5c80000,0x00000000d5c80000)
  from space 3072K, 93% used [0x00000000d6280000,0x00000000d6550040,0x00000000d6580000)
  to   space 4096K, 0% used [0x00000000d5d80000,0x00000000d5d80000,0x00000000d6180000)
 ParOldGen       total 346624K, used 322264K [0x0000000080000000, 0x0000000095280000, 0x00000000d5580000)
  object space 346624K, 92% used [0x0000000080000000,0x0000000093ab6060,0x0000000095280000)
 Metaspace       used 68415K, committed 69888K, reserved 1114112K
  class space    used 7694K, committed 8320K, reserved 1048576K
}
Event: 26.117 GC heap after
{Heap after GC invocations=1202 (full 5):
 PSYoungGen      total 11264K, used 480K [0x00000000d5580000, 0x00000000d6300000, 0x0000000100000000)
  eden space 7168K, 0% used [0x00000000d5580000,0x00000000d5580000,0x00000000d5c80000)
  from space 4096K, 11% used [0x00000000d5d80000,0x00000000d5df8000,0x00000000d6180000)
  to   space 1536K, 0% used [0x00000000d6180000,0x00000000d6180000,0x00000000d6300000)
 ParOldGen       total 346624K, used 324805K [0x0000000080000000, 0x0000000095280000, 0x00000000d5580000)
  object space 346624K, 93% used [0x0000000080000000,0x0000000093d315e0,0x0000000095280000)
 Metaspace       used 68415K, committed 69888K, reserved 1114112K
  class space    used 7694K, committed 8320K, reserved 1048576K
}
Event: 26.223 GC heap before
{Heap before GC invocations=1203 (full 5):
 PSYoungGen      total 11264K, used 7648K [0x00000000d5580000, 0x00000000d6300000, 0x0000000100000000)
  eden space 7168K, 100% used [0x00000000d5580000,0x00000000d5c80000,0x00000000d5c80000)
  from space 4096K, 11% used [0x00000000d5d80000,0x00000000d5df8000,0x00000000d6180000)
  to   space 1536K, 0% used [0x00000000d6180000,0x00000000d6180000,0x00000000d6300000)
 ParOldGen       total 346624K, used 324805K [0x0000000080000000, 0x0000000095280000, 0x00000000d5580000)
  object space 346624K, 93% used [0x0000000080000000,0x0000000093d315e0,0x0000000095280000)
 Metaspace       used 68491K, committed 69952K, reserved 1114112K
  class space    used 7694K, committed 8320K, reserved 1048576K
}
Event: 26.225 GC heap after
{Heap after GC invocations=1203 (full 5):
 PSYoungGen      total 7680K, used 352K [0x00000000d5580000, 0x00000000d6200000, 0x0000000100000000)
  eden space 7168K, 0% used [0x00000000d5580000,0x00000000d5580000,0x00000000d5c80000)
  from space 512K, 68% used [0x00000000d6180000,0x00000000d61d8000,0x00000000d6200000)
  to   space 1024K, 0% used [0x00000000d6000000,0x00000000d6000000,0x00000000d6100000)
 ParOldGen       total 346624K, used 325133K [0x0000000080000000, 0x0000000095280000, 0x00000000d5580000)
  object space 346624K, 93% used [0x0000000080000000,0x0000000093d83420,0x0000000095280000)
 Metaspace       used 68491K, committed 69952K, reserved 1114112K
  class space    used 7694K, committed 8320K, reserved 1048576K
}

Dll operation events (13 events):
Event: 0.010 Loaded shared library c:\Users\asus\.antigravity\extensions\redhat.java-1.54.0-win32-x64\jre\21.0.10-win32-x86_64\bin\java.dll
Event: 0.063 Loaded shared library c:\Users\asus\.antigravity\extensions\redhat.java-1.54.0-win32-x64\jre\21.0.10-win32-x86_64\bin\zip.dll
Event: 0.075 Loaded shared library C:\Users\asus\.antigravity\extensions\redhat.java-1.54.0-win32-x64\jre\21.0.10-win32-x86_64\bin\instrument.dll
Event: 0.078 Loaded shared library C:\Users\asus\.antigravity\extensions\redhat.java-1.54.0-win32-x64\jre\21.0.10-win32-x86_64\bin\net.dll
Event: 0.079 Loaded shared library C:\Users\asus\.antigravity\extensions\redhat.java-1.54.0-win32-x64\jre\21.0.10-win32-x86_64\bin\nio.dll
Event: 0.081 Loaded shared library C:\Users\asus\.antigravity\extensions\redhat.java-1.54.0-win32-x64\jre\21.0.10-win32-x86_64\bin\zip.dll
Event: 0.091 Loaded shared library C:\Users\asus\.antigravity\extensions\redhat.java-1.54.0-win32-x64\jre\21.0.10-win32-x86_64\bin\jimage.dll
Event: 0.132 Loaded shared library c:\Users\asus\.antigravity\extensions\redhat.java-1.54.0-win32-x64\jre\21.0.10-win32-x86_64\bin\verify.dll
Event: 5.509 Loaded shared library C:\Users\asus\AppData\Roaming\Antigravity\User\globalStorage\redhat.java\1.54.0\config_win\org.eclipse.equinox.launcher\org.eclipse.equinox.launcher.win32.win32.x86_64_1.3.0.v20260203-2149\eclipse_11919.dll
Event: 10.968 Loaded shared library C:\Users\asus\AppData\Local\Temp\jna-3003984\jna10518356551284286044.dll
Event: 14.935 Loaded shared library C:\Users\asus\.gradle\native\1def1411415f61bf3af743bc5b6707747c0891f09f0c88961ee8f79bc544acac\windows-amd64\native-platform.dll
Event: 15.687 Loaded shared library C:\Users\asus\.antigravity\extensions\redhat.java-1.54.0-win32-x64\jre\21.0.10-win32-x86_64\bin\management.dll
Event: 15.691 Loaded shared library C:\Users\asus\.antigravity\extensions\redhat.java-1.54.0-win32-x64\jre\21.0.10-win32-x86_64\bin\management_ext.dll

Deoptimization events (20 events):
Event: 26.076 Thread 0x0000019873473560 DEOPT PACKING pc=0x000001985ecb0ccc sp=0x0000002b50cfe240
Event: 26.076 Thread 0x0000019873473560 DEOPT UNPACKING pc=0x000001985e643aa2 sp=0x0000002b50cfe210 mode 2
Event: 26.076 Thread 0x0000019873473560 Uncommon trap: trap_request=0xffffffde fr.pc=0x000001985ecb0ccc relative=0x00000000000006cc
Event: 26.076 Thread 0x0000019873473560 Uncommon trap: reason=class_check action=maybe_recompile pc=0x000001985ecb0ccc method=org.eclipse.jdt.internal.core.util.LRUCache.get(Ljava/lang/Object;)Ljava/lang/Object; @ 20 c2
Event: 26.076 Thread 0x0000019873473560 DEOPT PACKING pc=0x000001985ecb0ccc sp=0x0000002b50cfe240
Event: 26.076 Thread 0x0000019873473560 DEOPT UNPACKING pc=0x000001985e643aa2 sp=0x0000002b50cfe210 mode 2
Event: 26.076 Thread 0x0000019873473560 Uncommon trap: trap_request=0xffffffde fr.pc=0x000001985ecb0ccc relative=0x00000000000006cc
Event: 26.076 Thread 0x0000019873473560 Uncommon trap: reason=class_check action=maybe_recompile pc=0x000001985ecb0ccc method=org.eclipse.jdt.internal.core.util.LRUCache.get(Ljava/lang/Object;)Ljava/lang/Object; @ 20 c2
Event: 26.076 Thread 0x0000019873473560 DEOPT PACKING pc=0x000001985ecb0ccc sp=0x0000002b50cfe240
Event: 26.076 Thread 0x0000019873473560 DEOPT UNPACKING pc=0x000001985e643aa2 sp=0x0000002b50cfe210 mode 2
Event: 26.094 Thread 0x0000019873478420 DEOPT PACKING pc=0x00000198578055fa sp=0x0000002b511fe4a0
Event: 26.094 Thread 0x0000019873478420 DEOPT UNPACKING pc=0x000001985e644242 sp=0x0000002b511fd980 mode 0
Event: 26.123 Thread 0x00000198748c27d0 DEOPT PACKING pc=0x00000198586565dd sp=0x0000002b4f2fe440
Event: 26.123 Thread 0x00000198748c27d0 DEOPT UNPACKING pc=0x000001985e644242 sp=0x0000002b4f2fd948 mode 0
Event: 26.169 Thread 0x00000198748c27d0 Uncommon trap: trap_request=0xffffff45 fr.pc=0x000001985f3c73c0 relative=0x0000000000000da0
Event: 26.169 Thread 0x00000198748c27d0 Uncommon trap: reason=unstable_if action=reinterpret pc=0x000001985f3c73c0 method=org.eclipse.core.internal.watson.ElementTree.getElementData(Lorg/eclipse/core/runtime/IPath;)Ljava/lang/Object; @ 21 c2
Event: 26.169 Thread 0x00000198748c27d0 DEOPT PACKING pc=0x000001985f3c73c0 sp=0x0000002b4f2fe460
Event: 26.169 Thread 0x00000198748c27d0 DEOPT UNPACKING pc=0x000001985e643aa2 sp=0x0000002b4f2fe3c0 mode 2
Event: 26.215 Thread 0x0000019873473560 DEOPT PACKING pc=0x0000019857f4a8e9 sp=0x0000002b50cfe170
Event: 26.215 Thread 0x0000019873473560 DEOPT UNPACKING pc=0x000001985e644242 sp=0x0000002b50cfd690 mode 0

Classes loaded (20 events):
Event: 20.304 Loading class sun/nio/fs/WindowsFileCopy
Event: 20.305 Loading class sun/nio/fs/WindowsFileCopy done
Event: 25.575 Loading class java/util/concurrent/CompletableFuture$UniApply
Event: 25.582 Loading class java/util/concurrent/CompletableFuture$UniCompletion
Event: 25.582 Loading class java/util/concurrent/CompletableFuture$UniCompletion done
Event: 25.582 Loading class java/util/concurrent/CompletableFuture$UniApply done
Event: 25.614 Loading class java/util/concurrent/CompletableFuture$UniAccept
Event: 25.614 Loading class java/util/concurrent/CompletableFuture$UniAccept done
Event: 25.614 Loading class java/util/concurrent/CompletableFuture$UniExceptionally
Event: 25.614 Loading class java/util/concurrent/CompletableFuture$UniExceptionally done
Event: 25.948 Loading class javax/xml/transform/TransformerConfigurationException
Event: 25.948 Loading class javax/xml/transform/TransformerConfigurationException done
Event: 25.966 Loading class java/util/Hashtable$KeySet
Event: 25.966 Loading class java/util/Hashtable$KeySet done
Event: 26.022 Loading class java/util/stream/DistinctOps
Event: 26.023 Loading class java/util/stream/DistinctOps done
Event: 26.023 Loading class java/util/stream/DistinctOps$1
Event: 26.023 Loading class java/util/stream/DistinctOps$1 done
Event: 26.023 Loading class java/util/stream/DistinctOps$1$2
Event: 26.024 Loading class java/util/stream/DistinctOps$1$2 done

Classes unloaded (7 events):
Event: 11.620 Thread 0x0000019853e54ac0 Unloading class 0x00000198011a5400 'java/lang/invoke/LambdaForm$MH+0x00000198011a5400'
Event: 11.620 Thread 0x0000019853e54ac0 Unloading class 0x00000198011a5000 'java/lang/invoke/LambdaForm$MH+0x00000198011a5000'
Event: 11.620 Thread 0x0000019853e54ac0 Unloading class 0x00000198011a4c00 'java/lang/invoke/LambdaForm$MH+0x00000198011a4c00'
Event: 11.620 Thread 0x0000019853e54ac0 Unloading class 0x00000198011a4800 'java/lang/invoke/LambdaForm$MH+0x00000198011a4800'
Event: 11.620 Thread 0x0000019853e54ac0 Unloading class 0x00000198011a4400 'java/lang/invoke/LambdaForm$BMH+0x00000198011a4400'
Event: 11.620 Thread 0x0000019853e54ac0 Unloading class 0x00000198011a4000 'java/lang/invoke/LambdaForm$DMH+0x00000198011a4000'
Event: 11.620 Thread 0x0000019853e54ac0 Unloading class 0x00000198011a2c00 'java/lang/invoke/LambdaForm$DMH+0x00000198011a2c00'

Classes redefined (0 events):
No events

Internal exceptions (20 events):
Event: 26.213 Thread 0x0000019873473560 Exception <a 'sun/nio/fs/WindowsException'{0x00000000d5b4f9e0}> (0x00000000d5b4f9e0) 
thrown [s\src\hotspot\share\prims\jni.cpp, line 520]
Event: 26.213 Thread 0x0000019873473560 Exception <a 'sun/nio/fs/WindowsException'{0x00000000d5b50010}> (0x00000000d5b50010) 
thrown [s\src\hotspot\share\prims\jni.cpp, line 520]
Event: 26.217 Thread 0x00000198748c27d0 Exception <a 'sun/nio/fs/WindowsException'{0x00000000d5bd22b8}> (0x00000000d5bd22b8) 
thrown [s\src\hotspot\share\prims\jni.cpp, line 520]
Event: 26.217 Thread 0x00000198748c27d0 Exception <a 'sun/nio/fs/WindowsException'{0x00000000d5bd2c18}> (0x00000000d5bd2c18) 
thrown [s\src\hotspot\share\prims\jni.cpp, line 520]
Event: 26.217 Thread 0x0000019873473560 Exception <a 'sun/nio/fs/WindowsException'{0x00000000d5be54e8}> (0x00000000d5be54e8) 
thrown [s\src\hotspot\share\prims\jni.cpp, line 520]
Event: 26.217 Thread 0x0000019873473560 Exception <a 'sun/nio/fs/WindowsException'{0x00000000d5be5b98}> (0x00000000d5be5b98) 
thrown [s\src\hotspot\share\prims\jni.cpp, line 520]
Event: 26.217 Thread 0x00000198748c27d0 Exception <a 'sun/nio/fs/WindowsException'{0x00000000d5bd3b18}> (0x00000000d5bd3b18) 
thrown [s\src\hotspot\share\prims\jni.cpp, line 520]
Event: 26.217 Thread 0x00000198748c27d0 Exception <a 'sun/nio/fs/WindowsException'{0x00000000d5bd4478}> (0x00000000d5bd4478) 
thrown [s\src\hotspot\share\prims\jni.cpp, line 520]
Event: 26.217 Thread 0x0000019873473560 Exception <a 'sun/nio/fs/WindowsException'{0x00000000d5be67e8}> (0x00000000d5be67e8) 
thrown [s\src\hotspot\share\prims\jni.cpp, line 520]
Event: 26.217 Thread 0x0000019873473560 Exception <a 'sun/nio/fs/WindowsException'{0x00000000d5be7100}> (0x00000000d5be7100) 
thrown [s\src\hotspot\share\prims\jni.cpp, line 520]
Event: 26.217 Thread 0x0000019873473560 Exception <a 'sun/nio/fs/WindowsException'{0x00000000d5be8648}> (0x00000000d5be8648) 
thrown [s\src\hotspot\share\prims\jni.cpp, line 520]
Event: 26.217 Thread 0x00000198748c27d0 Exception <a 'sun/nio/fs/WindowsException'{0x00000000d5bd5c88}> (0x00000000d5bd5c88) 
thrown [s\src\hotspot\share\prims\jni.cpp, line 520]
Event: 26.217 Thread 0x00000198748c27d0 Exception <a 'sun/nio/fs/WindowsException'{0x00000000d5bd65e8}> (0x00000000d5bd65e8) 
thrown [s\src\hotspot\share\prims\jni.cpp, line 520]
Event: 26.218 Thread 0x0000019873473560 Exception <a 'sun/nio/fs/WindowsException'{0x00000000d5be8cf8}> (0x00000000d5be8cf8) 
thrown [s\src\hotspot\share\prims\jni.cpp, line 520]
Event: 26.225 Thread 0x0000019873473560 Exception <a 'sun/nio/fs/WindowsException'{0x00000000d5589070}> (0x00000000d5589070) 
thrown [s\src\hotspot\share\prims\jni.cpp, line 520]
Event: 26.225 Thread 0x0000019873473560 Exception <a 'sun/nio/fs/WindowsException'{0x00000000d55896a0}> (0x00000000d55896a0) 
thrown [s\src\hotspot\share\prims\jni.cpp, line 520]
Event: 26.226 Thread 0x0000019873473560 Exception <a 'sun/nio/fs/WindowsException'{0x00000000d558a150}> (0x00000000d558a150) 
thrown [s\src\hotspot\share\prims\jni.cpp, line 520]
Event: 26.226 Thread 0x0000019873473560 Exception <a 'sun/nio/fs/WindowsException'{0x00000000d558a780}> (0x00000000d558a780) 
thrown [s\src\hotspot\share\prims\jni.cpp, line 520]
Event: 26.226 Thread 0x0000019873473560 Exception <a 'sun/nio/fs/WindowsException'{0x00000000d558baf8}> (0x00000000d558baf8) 
thrown [s\src\hotspot\share\prims\jni.cpp, line 520]
Event: 26.226 Thread 0x0000019873473560 Exception <a 'sun/nio/fs/WindowsException'{0x00000000d558c128}> (0x00000000d558c128) 
thrown [s\src\hotspot\share\prims\jni.cpp, line 520]

ZGC Phase Switch (0 events):
No events

VM Operations (20 events):
Event: 25.147 Executing safepoint VM operation: ParallelGCFailedAllocation (Allocation Failure)
Event: 25.150 Executing safepoint VM operation: ParallelGCFailedAllocation (Allocation Failure) done
Event: 25.159 Executing safepoint VM operation: ParallelGCFailedAllocation (Allocation Failure)
Event: 25.161 Executing safepoint VM operation: ParallelGCFailedAllocation (Allocation Failure) done
Event: 25.722 Executing safepoint VM operation: ParallelGCFailedAllocation (Allocation Failure)
Event: 25.882 Executing safepoint VM operation: ParallelGCFailedAllocation (Allocation Failure) done
Event: 25.966 Executing non-safepoint VM operation: HandshakeAllThreads (Deoptimize)
Event: 25.983 Executing non-safepoint VM operation: HandshakeAllThreads (Deoptimize) done
Event: 25.983 Executing safepoint VM operation: ParallelGCFailedAllocation (Allocation Failure)
Event: 25.986 Executing safepoint VM operation: ParallelGCFailedAllocation (Allocation Failure) done
Event: 26.014 Executing safepoint VM operation: ParallelGCFailedAllocation (Allocation Failure)
Event: 26.017 Executing safepoint VM operation: ParallelGCFailedAllocation (Allocation Failure) done
Event: 26.034 Executing non-safepoint VM operation: HandshakeAllThreads (Deoptimize)
Event: 26.034 Executing non-safepoint VM operation: HandshakeAllThreads (Deoptimize) done
Event: 26.062 Executing safepoint VM operation: ParallelGCFailedAllocation (Allocation Failure)
Event: 26.066 Executing safepoint VM operation: ParallelGCFailedAllocation (Allocation Failure) done
Event: 26.115 Executing safepoint VM operation: ParallelGCFailedAllocation (Allocation Failure)
Event: 26.117 Executing safepoint VM operation: ParallelGCFailedAllocation (Allocation Failure) done
Event: 26.223 Executing safepoint VM operation: ParallelGCFailedAllocation (Allocation Failure)
Event: 26.225 Executing safepoint VM operation: ParallelGCFailedAllocation (Allocation Failure) done

Memory protections (0 events):
No events

Nmethod flushes (20 events):
Event: 25.828 Thread 0x0000019853e54ac0 flushing  nmethod 0x00000198588e1610
Event: 25.828 Thread 0x0000019853e54ac0 flushing  nmethod 0x00000198588e2810
Event: 25.828 Thread 0x0000019853e54ac0 flushing  nmethod 0x00000198588e3690
Event: 25.828 Thread 0x0000019853e54ac0 flushing  nmethod 0x00000198588e8d10
Event: 25.828 Thread 0x0000019853e54ac0 flushing  nmethod 0x00000198588e9910
Event: 25.828 Thread 0x0000019853e54ac0 flushing  nmethod 0x00000198588eac10
Event: 25.828 Thread 0x0000019853e54ac0 flushing  nmethod 0x00000198588eb110
Event: 25.828 Thread 0x0000019853e54ac0 flushing  nmethod 0x00000198588eb590
Event: 25.828 Thread 0x0000019853e54ac0 flushing  nmethod 0x00000198588ec890
Event: 25.828 Thread 0x0000019853e54ac0 flushing  nmethod 0x00000198588ed990
Event: 25.828 Thread 0x0000019853e54ac0 flushing  nmethod 0x00000198588ee610
Event: 25.828 Thread 0x0000019853e54ac0 flushing  nmethod 0x00000198588f1290
Event: 25.828 Thread 0x0000019853e54ac0 flushing  nmethod 0x00000198588f2710
Event: 25.828 Thread 0x0000019853e54ac0 flushing  nmethod 0x00000198588f6910
Event: 25.828 Thread 0x0000019853e54ac0 flushing  nmethod 0x00000198588f8490
Event: 25.828 Thread 0x0000019853e54ac0 flushing  nmethod 0x00000198588fc610
Event: 25.828 Thread 0x0000019853e54ac0 flushing  nmethod 0x00000198588ff510
Event: 25.828 Thread 0x0000019853e54ac0 flushing  nmethod 0x0000019858903190
Event: 25.828 Thread 0x0000019853e54ac0 flushing  nmethod 0x0000019858904c10
Event: 25.828 Thread 0x0000019853e54ac0 flushing  nmethod 0x000001985890fb10

Events (20 events):
Event: 17.486 Thread 0x00000198759b73a0 Thread added: 0x00000198759b6680
Event: 17.487 Thread 0x0000019871da9960 Thread added: 0x00000198759ba190
Event: 18.458 Thread 0x000001987199c7e0 Thread exited: 0x000001987199c7e0
Event: 18.490 Thread 0x00000198727cdf00 Thread exited: 0x00000198727cdf00
Event: 18.821 Thread 0x000001986bbf35d0 Thread added: 0x00000198746594a0
Event: 18.821 Thread 0x000001986bbf35d0 Thread added: 0x000001987465afe0
Event: 19.914 Thread 0x000001987465afe0 Thread exited: 0x000001987465afe0
Event: 19.914 Thread 0x00000198746594a0 Thread exited: 0x00000198746594a0
Event: 20.391 Thread 0x000001986bbf35d0 Thread added: 0x00000198746594a0
Event: 20.391 Thread 0x000001986bbf35d0 Thread added: 0x0000019874658030
Event: 20.988 Thread 0x0000019874658030 Thread exited: 0x0000019874658030
Event: 21.720 Thread 0x00000198746594a0 Thread exited: 0x00000198746594a0
Event: 25.024 Thread 0x000001986bbf35d0 Thread added: 0x000001987465a240
Event: 25.393 Thread 0x000001987465a240 Thread exited: 0x000001987465a240
Event: 25.640 Thread 0x0000019873478420 Thread added: 0x00000198748becc0
Event: 25.883 Thread 0x00000198748becc0 Thread added: 0x00000198748c27d0
Event: 25.935 Thread 0x00000198748c27d0 Thread added: 0x00000198748bf350
Event: 25.954 Thread 0x00000198748becc0 Thread added: 0x00000198748c1420
Event: 25.962 Thread 0x000001986bbf35d0 Thread added: 0x00000198734da070
Event: 25.978 Thread 0x000001986bbf29e0 Thread added: 0x00000198751ddc50


Dynamic libraries:
0x00007ff6a66a0000 - 0x00007ff6a66ae000 	c:\Users\asus\.antigravity\extensions\redhat.java-1.54.0-win32-x64\jre\21.0.10-win32-x86_64\bin\java.exe
0x00007ffa76920000 - 0x00007ffa76b88000 	C:\WINDOWS\SYSTEM32\ntdll.dll
0x00007ffa759c0000 - 0x00007ffa75a89000 	C:\WINDOWS\System32\KERNEL32.DLL
0x00007ffa73e00000 - 0x00007ffa741ed000 	C:\WINDOWS\System32\KERNELBASE.dll
0x00007ffa743f0000 - 0x00007ffa7453b000 	C:\WINDOWS\System32\ucrtbase.dll
0x00007ffa05280000 - 0x00007ffa05298000 	c:\Users\asus\.antigravity\extensions\redhat.java-1.54.0-win32-x64\jre\21.0.10-win32-x86_64\bin\jli.dll
0x00007ffa052a0000 - 0x00007ffa052be000 	c:\Users\asus\.antigravity\extensions\redhat.java-1.54.0-win32-x64\jre\21.0.10-win32-x86_64\bin\VCRUNTIME140.dll
0x00007ffa76410000 - 0x00007ffa765dc000 	C:\WINDOWS\System32\USER32.dll
0x00007ffa73c80000 - 0x00007ffa73ca7000 	C:\WINDOWS\System32\win32u.dll
0x00007ffa66ee0000 - 0x00007ffa6717a000 	C:\WINDOWS\WinSxS\amd64_microsoft.windows.common-controls_6595b64144ccf1df_6.0.26100.4484_none_3e0e6d4ce32ef3b3\COMCTL32.dll
0x00007ffa74eb0000 - 0x00007ffa74f59000 	C:\WINDOWS\System32\msvcrt.dll
0x00007ffa75cc0000 - 0x00007ffa75ceb000 	C:\WINDOWS\System32\GDI32.dll
0x00007ffa741f0000 - 0x00007ffa74327000 	C:\WINDOWS\System32\gdi32full.dll
0x00007ffa73d50000 - 0x00007ffa73df3000 	C:\WINDOWS\System32\msvcp_win.dll
0x00007ffa75410000 - 0x00007ffa7543f000 	C:\WINDOWS\System32\IMM32.DLL
0x00007ffa55c90000 - 0x00007ffa55c9c000 	c:\Users\asus\.antigravity\extensions\redhat.java-1.54.0-win32-x64\jre\21.0.10-win32-x86_64\bin\vcruntime140_1.dll
0x00007ffa051f0000 - 0x00007ffa0527d000 	c:\Users\asus\.antigravity\extensions\redhat.java-1.54.0-win32-x64\jre\21.0.10-win32-x86_64\bin\msvcp140.dll
0x00007ffa04440000 - 0x00007ffa051e1000 	c:\Users\asus\.antigravity\extensions\redhat.java-1.54.0-win32-x64\jre\21.0.10-win32-x86_64\bin\server\jvm.dll
0x00007ffa75890000 - 0x00007ffa75944000 	C:\WINDOWS\System32\ADVAPI32.dll
0x00007ffa75cf0000 - 0x00007ffa75d96000 	C:\WINDOWS\System32\sechost.dll
0x00007ffa765e0000 - 0x00007ffa766f8000 	C:\WINDOWS\System32\RPCRT4.dll
0x00007ffa75c40000 - 0x00007ffa75cb4000 	C:\WINDOWS\System32\WS2_32.dll
0x00007ffa6aad0000 - 0x00007ffa6ab05000 	C:\WINDOWS\SYSTEM32\WINMM.dll
0x00007ffa731e0000 - 0x00007ffa7323e000 	C:\WINDOWS\SYSTEM32\POWRPROF.dll
0x00007ffa6ce70000 - 0x00007ffa6ce7b000 	C:\WINDOWS\SYSTEM32\VERSION.dll
0x00007ffa731c0000 - 0x00007ffa731d4000 	C:\WINDOWS\SYSTEM32\UMPDC.dll
0x00007ffa72810000 - 0x00007ffa7282b000 	C:\WINDOWS\SYSTEM32\kernel.appcore.dll
0x00007ffa55b50000 - 0x00007ffa55b5a000 	c:\Users\asus\.antigravity\extensions\redhat.java-1.54.0-win32-x64\jre\21.0.10-win32-x86_64\bin\jimage.dll
0x00007ffa66890000 - 0x00007ffa66ad1000 	C:\WINDOWS\SYSTEM32\DBGHELP.DLL
0x00007ffa74f90000 - 0x00007ffa75316000 	C:\WINDOWS\System32\combase.dll
0x00007ffa75320000 - 0x00007ffa75400000 	C:\WINDOWS\System32\OLEAUT32.dll
0x00007ffa5d040000 - 0x00007ffa5d083000 	C:\WINDOWS\SYSTEM32\dbgcore.DLL
0x00007ffa73cb0000 - 0x00007ffa73d49000 	C:\WINDOWS\System32\bcryptPrimitives.dll
0x00007ffa70220000 - 0x00007ffa7022f000 	c:\Users\asus\.antigravity\extensions\redhat.java-1.54.0-win32-x64\jre\21.0.10-win32-x86_64\bin\instrument.dll
0x00007ffa04420000 - 0x00007ffa04440000 	c:\Users\asus\.antigravity\extensions\redhat.java-1.54.0-win32-x64\jre\21.0.10-win32-x86_64\bin\java.dll
0x00007ffa74760000 - 0x00007ffa74eaa000 	C:\WINDOWS\System32\SHELL32.dll
0x00007ffa74540000 - 0x00007ffa746b4000 	C:\WINDOWS\System32\wintypes.dll
0x00007ffa716f0000 - 0x00007ffa71f4b000 	C:\WINDOWS\SYSTEM32\windows.storage.dll
0x00007ffa756a0000 - 0x00007ffa75795000 	C:\WINDOWS\System32\SHCORE.dll
0x00007ffa75950000 - 0x00007ffa759ba000 	C:\WINDOWS\System32\shlwapi.dll
0x00007ffa73980000 - 0x00007ffa739af000 	C:\WINDOWS\SYSTEM32\profapi.dll
0x00007ffa04400000 - 0x00007ffa04418000 	c:\Users\asus\.antigravity\extensions\redhat.java-1.54.0-win32-x64\jre\21.0.10-win32-x86_64\bin\zip.dll
0x00007ffa4c700000 - 0x00007ffa4c710000 	C:\Users\asus\.antigravity\extensions\redhat.java-1.54.0-win32-x64\jre\21.0.10-win32-x86_64\bin\net.dll
0x00007ffa6d4a0000 - 0x00007ffa6d5be000 	C:\WINDOWS\SYSTEM32\WINHTTP.dll
0x00007ffa72da0000 - 0x00007ffa72e0a000 	C:\WINDOWS\system32\mswsock.dll
0x00007ffa043e0000 - 0x00007ffa043f6000 	C:\Users\asus\.antigravity\extensions\redhat.java-1.54.0-win32-x64\jre\21.0.10-win32-x86_64\bin\nio.dll
0x00007ffa497f0000 - 0x00007ffa49800000 	c:\Users\asus\.antigravity\extensions\redhat.java-1.54.0-win32-x64\jre\21.0.10-win32-x86_64\bin\verify.dll
0x00007ffa320c0000 - 0x00007ffa32105000 	C:\Users\asus\AppData\Roaming\Antigravity\User\globalStorage\redhat.java\1.54.0\config_win\org.eclipse.equinox.launcher\org.eclipse.equinox.launcher.win32.win32.x86_64_1.3.0.v20260203-2149\eclipse_11919.dll
0x00007ffa75da0000 - 0x00007ffa75f3e000 	C:\WINDOWS\System32\ole32.dll
0x00007ffa730e0000 - 0x00007ffa730fb000 	C:\WINDOWS\SYSTEM32\CRYPTSP.dll
0x00007ffa72770000 - 0x00007ffa727ab000 	C:\WINDOWS\system32\rsaenh.dll
0x00007ffa72e40000 - 0x00007ffa72e6b000 	C:\WINDOWS\SYSTEM32\USERENV.dll
0x00007ffa73950000 - 0x00007ffa73976000 	C:\WINDOWS\SYSTEM32\bcrypt.dll
0x00007ffa73100000 - 0x00007ffa7310c000 	C:\WINDOWS\SYSTEM32\CRYPTBASE.dll
0x00007ffa72240000 - 0x00007ffa72273000 	C:\WINDOWS\SYSTEM32\IPHLPAPI.DLL
0x00007ffa75450000 - 0x00007ffa7545a000 	C:\WINDOWS\System32\NSI.dll
0x00007ffa46ba0000 - 0x00007ffa46be9000 	C:\Users\asus\AppData\Local\Temp\jna-3003984\jna10518356551284286044.dll
0x00007ffa74750000 - 0x00007ffa74758000 	C:\WINDOWS\System32\PSAPI.DLL
0x00007ffa6d470000 - 0x00007ffa6d48f000 	C:\WINDOWS\SYSTEM32\dhcpcsvc6.DLL
0x00007ffa6d420000 - 0x00007ffa6d445000 	C:\WINDOWS\SYSTEM32\dhcpcsvc.DLL
0x00007ffa639c0000 - 0x00007ffa639e7000 	C:\Users\asus\.gradle\native\1def1411415f61bf3af743bc5b6707747c0891f09f0c88961ee8f79bc544acac\windows-amd64\native-platform.dll
0x00007ffa700c0000 - 0x00007ffa700ca000 	C:\Users\asus\.antigravity\extensions\redhat.java-1.54.0-win32-x64\jre\21.0.10-win32-x86_64\bin\management.dll
0x00007ffa639b0000 - 0x00007ffa639bc000 	C:\Users\asus\.antigravity\extensions\redhat.java-1.54.0-win32-x64\jre\21.0.10-win32-x86_64\bin\management_ext.dll

JVMTI agents:
c:\Users\asus\.antigravity\extensions\redhat.java-1.54.0-win32-x64\lombok\lombok-1.18.39-4050.jar path:c:\Users\asus\.antigravity\extensions\redhat.java-1.54.0-win32-x64\jre\21.0.10-win32-x86_64\bin\instrument.dll, loaded, initialized, instrumentlib options:none

dbghelp: loaded successfully - version: 4.0.5 - missing functions: none
symbol engine: initialized successfully - sym options: 0x614 - pdb path: .;c:\Users\asus\.antigravity\extensions\redhat.java-1.54.0-win32-x64\jre\21.0.10-win32-x86_64\bin;C:\WINDOWS\SYSTEM32;C:\WINDOWS\WinSxS\amd64_microsoft.windows.common-controls_6595b64144ccf1df_6.0.26100.4484_none_3e0e6d4ce32ef3b3;c:\Users\asus\.antigravity\extensions\redhat.java-1.54.0-win32-x64\jre\21.0.10-win32-x86_64\bin\server;C:\Users\asus\AppData\Roaming\Antigravity\User\globalStorage\redhat.java\1.54.0\config_win\org.eclipse.equinox.launcher\org.eclipse.equinox.launcher.win32.win32.x86_64_1.3.0.v20260203-2149;C:\Users\asus\AppData\Local\Temp\jna-3003984;C:\Users\asus\.gradle\native\1def1411415f61bf3af743bc5b6707747c0891f09f0c88961ee8f79bc544acac\windows-amd64

VM Arguments:
jvm_args: --add-modules=ALL-SYSTEM --add-opens=java.base/java.util=ALL-UNNAMED --add-opens=java.base/java.lang=ALL-UNNAMED --add-opens=java.base/sun.nio.fs=ALL-UNNAMED -Declipse.application=org.eclipse.jdt.ls.core.id1 -Dosgi.bundles.defaultStartLevel=4 -Declipse.product=org.eclipse.jdt.ls.core.product -Djava.import.generatesMetadataFilesAtProjectRoot=false -DDetectVMInstallationsJob.disabled=true -Dfile.encoding=utf8 -XX:+UseParallelGC -XX:GCTimeRatio=4 -XX:AdaptiveSizePolicyWeight=90 -Dsun.zip.disableMemoryMapping=true -Xmx2G -Xms100m -Xlog:disable -javaagent:c:\Users\asus\.antigravity\extensions\redhat.java-1.54.0-win32-x64\lombok\lombok-1.18.39-4050.jar -XX:+HeapDumpOnOutOfMemoryError -XX:HeapDumpPath=c:\Users\asus\AppData\Roaming\Antigravity\User\workspaceStorage\dfdbc406f2562dfc06f22704ce32b1ad\redhat.java -Daether.dependencyCollector.impl=bf 
java_command: c:\Users\asus\.antigravity\extensions\redhat.java-1.54.0-win32-x64\server\plugins\org.eclipse.equinox.launcher_1.7.100.v20251111-0406.jar -configuration c:\Users\asus\AppData\Roaming\Antigravity\User\globalStorage\redhat.java\1.54.0\config_win -data c:\Users\asus\AppData\Roaming\Antigravity\User\workspaceStorage\dfdbc406f2562dfc06f22704ce32b1ad\redhat.java\jdt_ws --pipe=\\.\pipe\lsp-3e3551dc454495c3d96fe252c50dc04e-sock
java_class_path (initial): c:\Users\asus\.antigravity\extensions\redhat.java-1.54.0-win32-x64\server\plugins\org.eclipse.equinox.launcher_1.7.100.v20251111-0406.jar
Launcher Type: SUN_STANDARD

[Global flags]
    uintx AdaptiveSizePolicyWeight                 = 90                                        {product} {command line}
     intx CICompilerCount                          = 4                                         {product} {ergonomic}
    uintx GCTimeRatio                              = 4                                         {product} {command line}
     bool HeapDumpOnOutOfMemoryError               = true                                   {manageable} {command line}
    ccstr HeapDumpPath                             = c:\Users\asus\AppData\Roaming\Antigravity\User\workspaceStorage\dfdbc406f2562dfc06f22704ce32b1ad\redhat.java         {manageable} {command line}
   size_t InitialHeapSize                          = 104857600                                 {product} {command line}
   size_t MaxHeapSize                              = 2147483648                                {product} {command line}
   size_t MaxNewSize                               = 715653120                                 {product} {ergonomic}
   size_t MinHeapDeltaBytes                        = 524288                                    {product} {ergonomic}
   size_t MinHeapSize                              = 104857600                                 {product} {command line}
   size_t NewSize                                  = 34603008                                  {product} {ergonomic}
    uintx NonNMethodCodeHeapSize                   = 5839372                                {pd product} {ergonomic}
    uintx NonProfiledCodeHeapSize                  = 122909434                              {pd product} {ergonomic}
   size_t OldSize                                  = 70254592                                  {product} {ergonomic}
    uintx ProfiledCodeHeapSize                     = 122909434                              {pd product} {ergonomic}
    uintx ReservedCodeCacheSize                    = 251658240                              {pd product} {ergonomic}
     bool SegmentedCodeCache                       = true                                      {product} {ergonomic}
   size_t SoftMaxHeapSize                          = 2147483648                             {manageable} {ergonomic}
     bool UseCompressedOops                        = true                           {product lp64_product} {ergonomic}
     bool UseLargePagesIndividualAllocation        = false                                  {pd product} {ergonomic}
     bool UseParallelGC                            = true                                      {product} {command line}

Logging:
Log output configuration:
 #0: stdout all=off uptime,level,tags foldmultilines=false
 #1: stderr all=off uptime,level,tags foldmultilines=false

Release file:
JAVA_VERSION="21.0.10" 
MODULES="java.base java.compiler java.datatransfer java.xml java.prefs java.desktop java.instrument java.logging java.management java.security.sasl java.naming java.rmi java.management.rmi java.net.http java.scripting java.security.jgss java.transaction.xa java.sql java.sql.rowset java.xml.crypto java.se java.smartcardio jdk.accessibility jdk.internal.jvmstat jdk.attach jdk.charsets jdk.internal.opt jdk.zipfs jdk.compiler jdk.crypto.ec jdk.crypto.cryptoki jdk.crypto.mscapi jdk.dynalink jdk.internal.ed jdk.editpad jdk.hotspot.agent jdk.httpserver jdk.internal.le jdk.internal.vm.ci jdk.internal.vm.compiler jdk.internal.vm.compiler.management jdk.jartool jdk.javadoc jdk.jcmd jdk.management jdk.management.agent jdk.jconsole jdk.jdeps jdk.jdwp.agent jdk.jdi jdk.jfr jdk.jshell jdk.jsobject jdk.jstatd jdk.localedata jdk.management.jfr jdk.naming.dns jdk.naming.rmi jdk.net jdk.nio.mapmode jdk.random jdk.sctp jdk.security.auth jdk.security.jgss jdk.unsupported jdk.unsupported.desktop jdk.xml.dom" 

Environment Variables:
PATH=C:\Program Files\Common Files\Oracle\Java\javapath;C:\WINDOWS\system32;C:\WINDOWS;C:\WINDOWS\System32\Wbem;C:\WINDOWS\System32\WindowsPowerShell\v1.0\;C:\Program Files (x86)\Git\cmd;C:\Program Files\Android\Android Studio\jbr\bin;C:\Users\asus\AppData\Local\nvm;C:\nvm4w\nodejs;C:\Users\asus\AppData\Local\Android\Sdk\platform-tools;C:\Users\asus\AppData\Local\Android\Sdk\tools;C:\Users\asus\AppData\Local\Microsoft\WindowsApps;C:\Users\asus\AppData\Local\Programs\Microsoft VS Code\bin;C:\Users\asus\AppData\Roaming\npm;C:\Users\asus\AppData\Local\GitHubDesktop\bin;C:\Users\asus\AppData\Local\Programs\Antigravity\bin;C:\Users\asus\AppData\Local\nvm;C:\nvm4w\nodejs
USERNAME=asus
OS=Windows_NT
PROCESSOR_IDENTIFIER=Intel64 Family 6 Model 151 Stepping 5, GenuineIntel
TMP=C:\Users\asus\AppData\Local\Temp
TEMP=C:\Users\asus\AppData\Local\Temp




Periodic native trim disabled

---------------  S Y S T E M  ---------------

OS:
 Windows 11 , 64 bit Build 26100 (10.0.26100.4484)
OS uptime: 0 days 1:46 hours

CPU: total 12 (initial active 12) (6 cores per cpu, 2 threads per core) family 6 model 151 stepping 5 microcode 0x34, cx8, cmov, fxsr, ht, mmx, 3dnowpref, sse, sse2, sse3, ssse3, sse4.1, sse4.2, popcnt, lzcnt, tsc, tscinvbit, avx, avx2, aes, erms, clmul, bmi1, bmi2, adx, sha, fma, vzeroupper, clflush, clflushopt, clwb, serialize, rdtscp, rdpid, fsrm, f16c, pku, cet_ibt, cet_ss
Processor Information for the first 12 processors :
  Max Mhz: 2500, Current Mhz: 2500, Mhz Limit: 2500

Memory: 4k page, system-wide physical 16197M (2002M free)
TotalPageFile size 22748M (AvailPageFile size 3M)
current process WorkingSet (physical memory assigned to process): 789M, peak: 1151M
current process commit charge ("private bytes"): 681M, peak: 1692M

vm_info: OpenJDK 64-Bit Server VM (21.0.10+7-LTS) for windows-amd64 JRE (21.0.10+7-LTS), built on 2026-01-20T00:00:00Z by "admin" with MS VC++ 17.12 (VS2022)

END.
