#
# There is insufficient memory for the Java Runtime Environment to continue.
# Native memory allocation (malloc) failed to allocate 1048576 bytes. Error detail: AllocateHeap
# Possible reasons:
#   The system is out of physical RAM or swap space
#   This process is running with CompressedOops enabled, and the Java Heap may be blocking the growth of the native heap
# Possible solutions:
#   Reduce memory load on the system
#   Increase physical memory or swap space
#   Check if swap backing store is full
#   Decrease Java heap size (-Xmx/-Xms)
#   Decrease number of Java threads
#   Decrease Java thread stack sizes (-Xss)
#   Set larger code cache with -XX:ReservedCodeCacheSize=
#   JVM is running with Unscaled Compressed Oops mode in which the Java heap is
#     placed in the first 4GB address space. The Java Heap base address is the
#     maximum limit for the native heap growth. Please use -XX:HeapBaseMinAddress
#     to set the Java Heap base and to place the Java Heap above 4GB virtual address.
# This output file may be truncated or incomplete.
#
#  Out of Memory Error (allocation.cpp:44), pid=2912, tid=14268
#
# JRE version: OpenJDK Runtime Environment Temurin-21.0.10+7 (21.0.10+7) (build 21.0.10+7-LTS)
# Java VM: OpenJDK 64-Bit Server VM Temurin-21.0.10+7 (21.0.10+7-LTS, mixed mode, sharing, tiered, compressed oops, compressed class ptrs, parallel gc, windows-amd64)
# No core dump will be written. Minidumps are not enabled by default on client versions of Windows
#

---------------  S U M M A R Y ------------

Command Line: --add-modules=ALL-SYSTEM --add-opens=java.base/java.util=ALL-UNNAMED --add-opens=java.base/java.lang=ALL-UNNAMED --add-opens=java.base/sun.nio.fs=ALL-UNNAMED -Declipse.application=org.eclipse.jdt.ls.core.id1 -Dosgi.bundles.defaultStartLevel=4 -Declipse.product=org.eclipse.jdt.ls.core.product -Djava.import.generatesMetadataFilesAtProjectRoot=false -DDetectVMInstallationsJob.disabled=true -Dfile.encoding=utf8 -XX:+UseParallelGC -XX:GCTimeRatio=4 -XX:AdaptiveSizePolicyWeight=90 -Dsun.zip.disableMemoryMapping=true -Xmx2G -Xms100m -Xlog:disable -javaagent:c:\Users\asus\.antigravity\extensions\redhat.java-1.54.0-win32-x64\lombok\lombok-1.18.39-4050.jar -XX:+HeapDumpOnOutOfMemoryError -XX:HeapDumpPath=c:\Users\asus\AppData\Roaming\Antigravity\User\workspaceStorage\dfdbc406f2562dfc06f22704ce32b1ad\redhat.java -Daether.dependencyCollector.impl=bf c:\Users\asus\.antigravity\extensions\redhat.java-1.54.0-win32-x64\server\plugins\org.eclipse.equinox.launcher_1.7.100.v20251111-0406.jar -configuration c:\Users\asus\AppData\Roaming\Antigravity\User\globalStorage\redhat.java\1.54.0\config_win -data c:\Users\asus\AppData\Roaming\Antigravity\User\workspaceStorage\dfdbc406f2562dfc06f22704ce32b1ad\redhat.java\jdt_ws --pipe=\\.\pipe\lsp-ba99bbd572bf9c720c13795c19b29be6-sock

Host: 12th Gen Intel(R) Core(TM) i5-12400F, 12 cores, 15G,  Windows 11 , 64 bit Build 26100 (10.0.26100.4484)
Time: Wed May 20 11:45:07 2026 India Standard Time elapsed time: 2381.530554 seconds (0d 0h 39m 41s)

---------------  T H R E A D  ---------------

Current thread (0x000001c48d48c1b0):  JavaThread "Attach Listener" daemon [_thread_in_vm, id=14268, stack(0x0000001552900000,0x0000001552a00000) (1024K)]

Stack: [0x0000001552900000,0x0000001552a00000]
Native frames: (J=compiled Java code, j=interpreted, Vv=VM code, C=native code)
V  [jvm.dll+0x6d7a39]
V  [jvm.dll+0x8b4b26]
V  [jvm.dll+0x8b70de]
V  [jvm.dll+0x8b77c3]
V  [jvm.dll+0x284346]
V  [jvm.dll+0xc1277]
V  [jvm.dll+0x6d82e9]
V  [jvm.dll+0x1334a6]
V  [jvm.dll+0x3f857e]
V  [jvm.dll+0x85f59d]
V  [jvm.dll+0x6d626d]
C  [ucrtbase.dll+0x37b0]
C  [KERNEL32.DLL+0x2e8d7]
C  [ntdll.dll+0x3c34c]


---------------  P R O C E S S  ---------------

Threads class SMR info:
_java_thread_list=0x000001c4f1677c40, length=39, elements={
0x000001c48b077780, 0x000001c4a3e8d140, 0x000001c48d4845f0, 0x000001c48d485c80,
0x000001c48d48c1b0, 0x000001c4e6291fe0, 0x000001c48d48f0a0, 0x000001c48d491b00,
0x000001c4e62f3060, 0x000001c4e64ac0f0, 0x000001c4e65b9f20, 0x000001c4e7743a80,
0x000001c4e76f87c0, 0x000001c4e77347f0, 0x000001c4e773b220, 0x000001c4ec80a120,
0x000001c4e79adff0, 0x000001c4ec419f00, 0x000001c4ec7ff6e0, 0x000001c4ec800a90,
0x000001c4ec7fd610, 0x000001c4ec7fdca0, 0x000001c4ed1fe420, 0x000001c4ed1ff7d0,
0x000001c4ed1feab0, 0x000001c4ed200b80, 0x000001c4ed201210, 0x000001c4ed1fdd90,
0x000001c4ed201f30, 0x000001c4ed1ffe60, 0x000001c4ed1ff140, 0x000001c4ed204690,
0x000001c4ed2025c0, 0x000001c4ed2018a0, 0x000001c4ed202c50, 0x000001c4ed2053b0,
0x000001c4ed204000, 0x000001c4ee819bb0, 0x000001c4ee81c310
}

Java Threads: ( => current thread )
  0x000001c48b077780 JavaThread "main"                              [_thread_blocked, id=2972, stack(0x0000001552200000,0x0000001552300000) (1024K)]
  0x000001c4a3e8d140 JavaThread "Reference Handler"          daemon [_thread_blocked, id=7264, stack(0x0000001552600000,0x0000001552700000) (1024K)]
  0x000001c48d4845f0 JavaThread "Finalizer"                  daemon [_thread_blocked, id=2108, stack(0x0000001552700000,0x0000001552800000) (1024K)]
  0x000001c48d485c80 JavaThread "Signal Dispatcher"          daemon [_thread_blocked, id=4320, stack(0x0000001552800000,0x0000001552900000) (1024K)]
=>0x000001c48d48c1b0 JavaThread "Attach Listener"            daemon [_thread_in_vm, id=14268, stack(0x0000001552900000,0x0000001552a00000) (1024K)]
  0x000001c4e6291fe0 JavaThread "Service Thread"             daemon [_thread_blocked, id=16956, stack(0x0000001552a00000,0x0000001552b00000) (1024K)]
  0x000001c48d48f0a0 JavaThread "Monitor Deflation Thread"   daemon [_thread_blocked, id=14248, stack(0x0000001552b00000,0x0000001552c00000) (1024K)]
  0x000001c48d491b00 JavaThread "C2 CompilerThread0"         daemon [_thread_blocked, id=5988, stack(0x0000001552c00000,0x0000001552d00000) (1024K)]
  0x000001c4e62f3060 JavaThread "C1 CompilerThread0"         daemon [_thread_blocked, id=17636, stack(0x0000001552d00000,0x0000001552e00000) (1024K)]
  0x000001c4e64ac0f0 JavaThread "Common-Cleaner"             daemon [_thread_blocked, id=9032, stack(0x0000001552e00000,0x0000001552f00000) (1024K)]
  0x000001c4e65b9f20 JavaThread "Notification Thread"        daemon [_thread_blocked, id=14288, stack(0x0000001553000000,0x0000001553100000) (1024K)]
  0x000001c4e7743a80 JavaThread "Active Thread: Equinox Container: d0204b86-fa72-4fd3-897b-99bdb5250e89"        [_thread_blocked, id=2476, stack(0x0000001553800000,0x0000001553900000) (1024K)]
  0x000001c4e76f87c0 JavaThread "Refresh Thread: Equinox Container: d0204b86-fa72-4fd3-897b-99bdb5250e89" daemon [_thread_blocked, id=13920, stack(0x0000001553a00000,0x0000001553b00000) (1024K)]
  0x000001c4e77347f0 JavaThread "Framework Event Dispatcher: Equinox Container: d0204b86-fa72-4fd3-897b-99bdb5250e89" daemon [_thread_blocked, id=10604, stack(0x0000001553b00000,0x0000001553c00000) (1024K)]
  0x000001c4e773b220 JavaThread "Start Level: Equinox Container: d0204b86-fa72-4fd3-897b-99bdb5250e89" daemon [_thread_blocked, id=10124, stack(0x0000001553c00000,0x0000001553d00000) (1024K)]
  0x000001c4ec80a120 JavaThread "Bundle File Closer"         daemon [_thread_blocked, id=14400, stack(0x0000001553f00000,0x0000001554000000) (1024K)]
  0x000001c4e79adff0 JavaThread "SCR Component Actor"        daemon [_thread_blocked, id=13268, stack(0x0000001552f00000,0x0000001553000000) (1024K)]
  0x000001c4ec419f00 JavaThread "Worker-JM"                         [_thread_blocked, id=15664, stack(0x0000001554100000,0x0000001554200000) (1024K)]
  0x000001c4ec7ff6e0 JavaThread "JNA Cleaner"                daemon [_thread_blocked, id=8064, stack(0x0000001553100000,0x0000001553200000) (1024K)]
  0x000001c4ec800a90 JavaThread "Java indexing"              daemon [_thread_blocked, id=756, stack(0x0000001554500000,0x0000001554600000) (1024K)]
  0x000001c4ec7fd610 JavaThread "Thread-1"                   daemon [_thread_in_native, id=220, stack(0x0000001554b00000,0x0000001554c00000) (1024K)]
  0x000001c4ec7fdca0 JavaThread "Thread-2"                   daemon [_thread_in_native, id=13992, stack(0x0000001554c00000,0x0000001554d00000) (1024K)]
  0x000001c4ed1fe420 JavaThread "Thread-3"                   daemon [_thread_in_native, id=1300, stack(0x0000001554d00000,0x0000001554e00000) (1024K)]
  0x000001c4ed1ff7d0 JavaThread "Thread-4"                   daemon [_thread_in_native, id=16008, stack(0x0000001554e00000,0x0000001554f00000) (1024K)]
  0x000001c4ed1feab0 JavaThread "Thread-5"                   daemon [_thread_in_native, id=17800, stack(0x0000001554f00000,0x0000001555000000) (1024K)]
  0x000001c4ed200b80 JavaThread "Thread-6"                   daemon [_thread_in_native, id=15424, stack(0x0000001555000000,0x0000001555100000) (1024K)]
  0x000001c4ed201210 JavaThread "Thread-7"                   daemon [_thread_in_native, id=12136, stack(0x0000001555100000,0x0000001555200000) (1024K)]
  0x000001c4ed1fdd90 JavaThread "Thread-8"                   daemon [_thread_in_native, id=15380, stack(0x0000001555200000,0x0000001555300000) (1024K)]
  0x000001c4ed201f30 JavaThread "Thread-9"                   daemon [_thread_in_native, id=17864, stack(0x0000001555300000,0x0000001555400000) (1024K)]
  0x000001c4ed1ffe60 JavaThread "Thread-10"                  daemon [_thread_in_native, id=2812, stack(0x0000001555400000,0x0000001555500000) (1024K)]
  0x000001c4ed1ff140 JavaThread "Thread-11"                  daemon [_thread_in_native, id=14360, stack(0x0000001555500000,0x0000001555600000) (1024K)]
  0x000001c4ed204690 JavaThread "Thread-12"                  daemon [_thread_in_native, id=16460, stack(0x0000001555600000,0x0000001555700000) (1024K)]
  0x000001c4ed2025c0 JavaThread "Thread-13"                  daemon [_thread_in_native, id=3852, stack(0x0000001555700000,0x0000001555800000) (1024K)]
  0x000001c4ed2018a0 JavaThread "pool-2-thread-1"                   [_thread_blocked, id=16244, stack(0x0000001555800000,0x0000001555900000) (1024K)]
  0x000001c4ed202c50 JavaThread "WorkspaceEventsHandler"            [_thread_blocked, id=7148, stack(0x0000001555900000,0x0000001555a00000) (1024K)]
  0x000001c4ed2053b0 JavaThread "pool-1-thread-1"                   [_thread_blocked, id=12408, stack(0x0000001555a00000,0x0000001555b00000) (1024K)]
  0x000001c4ed204000 JavaThread "Worker-4"                          [_thread_blocked, id=16684, stack(0x0000001555b00000,0x0000001555c00000) (1024K)]
  0x000001c4ee819bb0 JavaThread "Timer-0"                           [_thread_blocked, id=6612, stack(0x0000001556000000,0x0000001556100000) (1024K)]
  0x000001c4ee81c310 JavaThread "Worker-5"                          [_thread_blocked, id=7072, stack(0x0000001552100000,0x0000001552200000) (1024K)]
Total: 39

Other Threads:
  0x000001c4a3e740c0 VMThread "VM Thread"                           [id=13900, stack(0x0000001552500000,0x0000001552600000) (1024K)]
  0x000001c4a3d6ca00 WatcherThread "VM Periodic Task Thread"        [id=16312, stack(0x0000001552400000,0x0000001552500000) (1024K)]
  0x000001c48d3fedd0 WorkerThread "GC Thread#0"                     [id=2700, stack(0x0000001552300000,0x0000001552400000) (1024K)]
  0x000001c4e7864d40 WorkerThread "GC Thread#1"                     [id=1904, stack(0x0000001553200000,0x0000001553300000) (1024K)]
  0x000001c4e7863720 WorkerThread "GC Thread#2"                     [id=4748, stack(0x0000001553300000,0x0000001553400000) (1024K)]
  0x000001c4e78650f0 WorkerThread "GC Thread#3"                     [id=6776, stack(0x0000001553400000,0x0000001553500000) (1024K)]
  0x000001c4e7863e80 WorkerThread "GC Thread#4"                     [id=5516, stack(0x0000001553500000,0x0000001553600000) (1024K)]
  0x000001c4e78645e0 WorkerThread "GC Thread#5"                     [id=9508, stack(0x0000001553600000,0x0000001553700000) (1024K)]
  0x000001c4e7863ad0 WorkerThread "GC Thread#6"                     [id=15740, stack(0x0000001553700000,0x0000001553800000) (1024K)]
  0x000001c4e7864230 WorkerThread "GC Thread#7"                     [id=5824, stack(0x0000001553900000,0x0000001553a00000) (1024K)]
  0x000001c4ec291300 WorkerThread "GC Thread#8"                     [id=16512, stack(0x0000001553d00000,0x0000001553e00000) (1024K)]
  0x000001c4ec28ee20 WorkerThread "GC Thread#9"                     [id=12512, stack(0x0000001553e00000,0x0000001553f00000) (1024K)]
Total: 12

Threads with active compile tasks:
Total: 0

VM state: not at safepoint (normal execution)

VM Mutex/Monitor currently owned by a thread: None

Heap address: 0x0000000080000000, size: 2048 MB, Compressed Oops mode: 32-bit

CDS archive(s) mapped at: [0x000001c4a4000000-0x000001c4a4ba0000-0x000001c4a4ba0000), size 12189696, SharedBaseAddress: 0x000001c4a4000000, ArchiveRelocationMode: 1.
Compressed class space mapped at: 0x000001c4a5000000-0x000001c4e5000000, reserved size: 1073741824
Narrow klass base: 0x000001c4a4000000, Narrow klass shift: 0, Narrow klass range: 0x100000000

GC Precious Log:
 CardTable entry size: 512
 CPUs: 12 total, 12 available
 Memory: 16197M
 Large Page Support: Disabled
 NUMA Support: Disabled
 Compressed Oops: Enabled (32-bit)
 Alignments: Space 512K, Generation 512K, Heap 2M
 Heap Min Capacity: 100M
 Heap Initial Capacity: 100M
 Heap Max Capacity: 2G
 Pre-touch: Disabled
 Parallel Workers: 10

Heap:
 PSYoungGen      total 11264K, used 2943K [0x00000000d5580000, 0x00000000d6500000, 0x0000000100000000)
  eden space 10752K, 25% used [0x00000000d5580000,0x00000000d5827d20,0x00000000d6000000)
  from space 512K, 43% used [0x00000000d6480000,0x00000000d64b8000,0x00000000d6500000)
  to   space 512K, 0% used [0x00000000d6400000,0x00000000d6400000,0x00000000d6480000)
 ParOldGen       total 93696K, used 93571K [0x0000000080000000, 0x0000000085b80000, 0x00000000d5580000)
  object space 93696K, 99% used [0x0000000080000000,0x0000000085b60d00,0x0000000085b80000)
 Metaspace       used 70662K, committed 72192K, reserved 1114112K
  class space    used 8102K, committed 8704K, reserved 1048576K

Card table byte_map: [0x000001c48cda0000,0x000001c48d1b0000] _byte_map_base: 0x000001c48c9a0000

Marking Bits: (ParMarkBitMap*) 0x00007ffa05103450
 Begin Bits: [0x000001c49f890000, 0x000001c4a1890000)
 End Bits:   [0x000001c4a1890000, 0x000001c4a3890000)

Polling page: 0x000001c48b260000

Metaspace:

Usage:
  Non-class:     61.09 MB used.
      Class:      7.91 MB used.
       Both:     69.01 MB used.

Virtual space:
  Non-class space:       64.00 MB reserved,      62.00 MB ( 97%) committed,  1 nodes.
      Class space:        1.00 GB reserved,       8.50 MB ( <1%) committed,  1 nodes.
             Both:        1.06 GB reserved,      70.50 MB (  6%) committed. 

Chunk freelists:
   Non-Class:  1.90 MB
       Class:  7.38 MB
        Both:  9.28 MB

MaxMetaspaceSize: unlimited
CompressedClassSpaceSize: 1.00 GB
Initial GC threshold: 21.00 MB
Current GC threshold: 97.31 MB
CDS: on
 - commit_granule_bytes: 65536.
 - commit_granule_words: 8192.
 - virtual_space_node_default_size: 8388608.
 - enlarge_chunks_in_place: 1.
 - use_allocation_guard: 0.


Internal statistics:

num_allocs_failed_limit: 9.
num_arena_births: 1294.
num_arena_deaths: 14.
num_vsnodes_births: 2.
num_vsnodes_deaths: 0.
num_space_committed: 1128.
num_space_uncommitted: 0.
num_chunks_returned_to_freelist: 23.
num_chunks_taken_from_freelist: 4367.
num_chunk_merges: 15.
num_chunk_splits: 2841.
num_chunks_enlarged: 1838.
num_inconsistent_stats: 0.

CodeHeap 'non-profiled nmethods': size=120000Kb used=8538Kb max_used=8538Kb free=111461Kb
 bounds [0x000001c4980b0000, 0x000001c498910000, 0x000001c49f5e0000]
CodeHeap 'profiled nmethods': size=120000Kb used=23697Kb max_used=23697Kb free=96302Kb
 bounds [0x000001c4905e0000, 0x000001c491d10000, 0x000001c497b10000]
CodeHeap 'non-nmethods': size=5760Kb used=1425Kb max_used=1484Kb free=4334Kb
 bounds [0x000001c497b10000, 0x000001c497d80000, 0x000001c4980b0000]
CodeCache: size=245760Kb, used=33660Kb, max_used=33719Kb, free=212097Kb
 total_blobs=11485, nmethods=10752, adapters=638, full_count=0
Compilation: enabled, stopped_count=0, restarted_count=0

Compilation events (20 events):
Event: 1204.368 Thread 0x000001c48d491b00 11544       4       org.eclipse.core.internal.resources.ResourceInfo::shareStrings (43 bytes)
Event: 1204.368 Thread 0x000001c48d491b00 nmethod 11544 0x000001c498905690 code [0x000001c498905820, 0x000001c498905930]
Event: 1285.888 Thread 0x000001c4e62f3060 11545       1       org.eclipse.jdt.ls.core.internal.LanguageServerApplication::getParentProcessId (5 bytes)
Event: 1285.889 Thread 0x000001c4e62f3060 nmethod 11545 0x000001c498905a10 code [0x000001c498905ba0, 0x000001c498905c68]
Event: 1685.433 Thread 0x000001c4e62f3060 11546       1       com.sun.jna.internal.Cleaner::access$100 (5 bytes)
Event: 1685.435 Thread 0x000001c4e62f3060 nmethod 11546 0x000001c498905d10 code [0x000001c498905ea0, 0x000001c498905f50]
Event: 1831.603 Thread 0x000001c4e62f3060 11547       3       java.util.concurrent.ScheduledThreadPoolExecutor$DelayedWorkQueue::finishPoll (43 bytes)
Event: 1831.603 Thread 0x000001c4e62f3060 nmethod 11547 0x000001c491cff290 code [0x000001c491cff460, 0x000001c491cff9e8]
Event: 1836.205 Thread 0x000001c4e62f3060 11548       3       java.util.concurrent.ThreadPoolExecutor::ensurePrestart (41 bytes)
Event: 1836.207 Thread 0x000001c4e62f3060 nmethod 11548 0x000001c491cffb90 code [0x000001c491cffd60, 0x000001c491d00010]
Event: 1866.228 Thread 0x000001c4e62f3060 11549   !   3       java.util.concurrent.FutureTask::runAndReset (125 bytes)
Event: 1866.232 Thread 0x000001c4e62f3060 nmethod 11549 0x000001c491d00110 code [0x000001c491d00580, 0x000001c491d02960]
Event: 1866.232 Thread 0x000001c4e62f3060 11550       3       java.util.concurrent.ScheduledThreadPoolExecutor$ScheduledFutureTask::setNextRunTime (38 bytes)
Event: 1866.232 Thread 0x000001c4e62f3060 nmethod 11550 0x000001c491d03490 code [0x000001c491d03640, 0x000001c491d038d0]
Event: 1866.232 Thread 0x000001c4e62f3060 11551       3       java.util.concurrent.ScheduledThreadPoolExecutor::reExecutePeriodic (49 bytes)
Event: 1866.233 Thread 0x000001c4e62f3060 nmethod 11551 0x000001c491d03990 code [0x000001c491d03bc0, 0x000001c491d04340]
Event: 2205.243 Thread 0x000001c48d491b00 11552   !   4       java.lang.Object::wait (50 bytes)
Event: 2205.247 Thread 0x000001c48d491b00 nmethod 11552 0x000001c498906010 code [0x000001c4989061e0, 0x000001c4989063a0]
Event: 2281.685 Thread 0x000001c4e62f3060 11553       1       org.eclipse.osgi.internal.framework.EquinoxContainer::getStorage (5 bytes)
Event: 2281.686 Thread 0x000001c4e62f3060 nmethod 11553 0x000001c498906610 code [0x000001c4989067a0, 0x000001c498906868]

GC Heap History (20 events):
Event: 140.813 GC heap before
{Heap before GC invocations=80 (full 3):
 PSYoungGen      total 11776K, used 11766K [0x00000000d5580000, 0x00000000d6880000, 0x0000000100000000)
  eden space 11264K, 100% used [0x00000000d5580000,0x00000000d6080000,0x00000000d6080000)
  from space 512K, 98% used [0x00000000d6380000,0x00000000d63fdb28,0x00000000d6400000)
  to   space 3072K, 0% used [0x00000000d6080000,0x00000000d6080000,0x00000000d6380000)
 ParOldGen       total 83456K, used 83000K [0x0000000080000000, 0x0000000085180000, 0x00000000d5580000)
  object space 83456K, 99% used [0x0000000080000000,0x000000008510e260,0x0000000085180000)
 Metaspace       used 67965K, committed 69504K, reserved 1114112K
  class space    used 7899K, committed 8512K, reserved 1048576K
}
Event: 140.814 GC heap after
{Heap after GC invocations=80 (full 3):
 PSYoungGen      total 12800K, used 1147K [0x00000000d5580000, 0x00000000d6480000, 0x0000000100000000)
  eden space 11264K, 0% used [0x00000000d5580000,0x00000000d5580000,0x00000000d6080000)
  from space 1536K, 74% used [0x00000000d6080000,0x00000000d619efc8,0x00000000d6200000)
  to   space 2048K, 0% used [0x00000000d6280000,0x00000000d6280000,0x00000000d6480000)
 ParOldGen       total 83968K, used 83518K [0x0000000080000000, 0x0000000085200000, 0x00000000d5580000)
  object space 83968K, 99% used [0x0000000080000000,0x000000008518f938,0x0000000085200000)
 Metaspace       used 67965K, committed 69504K, reserved 1114112K
  class space    used 7899K, committed 8512K, reserved 1048576K
}
Event: 140.847 GC heap before
{Heap before GC invocations=81 (full 3):
 PSYoungGen      total 12800K, used 12411K [0x00000000d5580000, 0x00000000d6480000, 0x0000000100000000)
  eden space 11264K, 100% used [0x00000000d5580000,0x00000000d6080000,0x00000000d6080000)
  from space 1536K, 74% used [0x00000000d6080000,0x00000000d619efc8,0x00000000d6200000)
  to   space 2048K, 0% used [0x00000000d6280000,0x00000000d6280000,0x00000000d6480000)
 ParOldGen       total 83968K, used 83518K [0x0000000080000000, 0x0000000085200000, 0x00000000d5580000)
  object space 83968K, 99% used [0x0000000080000000,0x000000008518f938,0x0000000085200000)
 Metaspace       used 67980K, committed 69504K, reserved 1114112K
  class space    used 7899K, committed 8512K, reserved 1048576K
}
Event: 140.848 GC heap after
{Heap after GC invocations=81 (full 3):
 PSYoungGen      total 12800K, used 1419K [0x00000000d5580000, 0x00000000d6400000, 0x0000000100000000)
  eden space 11264K, 0% used [0x00000000d5580000,0x00000000d5580000,0x00000000d6080000)
  from space 1536K, 92% used [0x00000000d6280000,0x00000000d63e2c70,0x00000000d6400000)
  to   space 1536K, 0% used [0x00000000d6080000,0x00000000d6080000,0x00000000d6200000)
 ParOldGen       total 83968K, used 83534K [0x0000000080000000, 0x0000000085200000, 0x00000000d5580000)
  object space 83968K, 99% used [0x0000000080000000,0x0000000085193938,0x0000000085200000)
 Metaspace       used 67980K, committed 69504K, reserved 1114112K
  class space    used 7899K, committed 8512K, reserved 1048576K
}
Event: 140.872 GC heap before
{Heap before GC invocations=82 (full 3):
 PSYoungGen      total 12800K, used 12555K [0x00000000d5580000, 0x00000000d6400000, 0x0000000100000000)
  eden space 11264K, 98% used [0x00000000d5580000,0x00000000d6060028,0x00000000d6080000)
  from space 1536K, 92% used [0x00000000d6280000,0x00000000d63e2c70,0x00000000d6400000)
  to   space 1536K, 0% used [0x00000000d6080000,0x00000000d6080000,0x00000000d6200000)
 ParOldGen       total 83968K, used 83534K [0x0000000080000000, 0x0000000085200000, 0x00000000d5580000)
  object space 83968K, 99% used [0x0000000080000000,0x0000000085193938,0x0000000085200000)
 Metaspace       used 67982K, committed 69504K, reserved 1114112K
  class space    used 7899K, committed 8512K, reserved 1048576K
}
Event: 140.873 GC heap after
{Heap after GC invocations=82 (full 3):
 PSYoungGen      total 12800K, used 951K [0x00000000d5580000, 0x00000000d6380000, 0x0000000100000000)
  eden space 11264K, 0% used [0x00000000d5580000,0x00000000d5580000,0x00000000d6080000)
  from space 1536K, 61% used [0x00000000d6080000,0x00000000d616ddf0,0x00000000d6200000)
  to   space 1536K, 0% used [0x00000000d6200000,0x00000000d6200000,0x00000000d6380000)
 ParOldGen       total 83968K, used 83582K [0x0000000080000000, 0x0000000085200000, 0x00000000d5580000)
  object space 83968K, 99% used [0x0000000080000000,0x000000008519f938,0x0000000085200000)
 Metaspace       used 67982K, committed 69504K, reserved 1114112K
  class space    used 7899K, committed 8512K, reserved 1048576K
}
Event: 141.104 GC heap before
{Heap before GC invocations=83 (full 3):
 PSYoungGen      total 12800K, used 12189K [0x00000000d5580000, 0x00000000d6380000, 0x0000000100000000)
  eden space 11264K, 99% used [0x00000000d5580000,0x00000000d6079660,0x00000000d6080000)
  from space 1536K, 61% used [0x00000000d6080000,0x00000000d616ddf0,0x00000000d6200000)
  to   space 1536K, 0% used [0x00000000d6200000,0x00000000d6200000,0x00000000d6380000)
 ParOldGen       total 83968K, used 83582K [0x0000000080000000, 0x0000000085200000, 0x00000000d5580000)
  object space 83968K, 99% used [0x0000000080000000,0x000000008519f938,0x0000000085200000)
 Metaspace       used 69438K, committed 70976K, reserved 1114112K
  class space    used 8026K, committed 8640K, reserved 1048576K
}
Event: 141.106 GC heap after
{Heap after GC invocations=83 (full 3):
 PSYoungGen      total 12288K, used 1518K [0x00000000d5580000, 0x00000000d6480000, 0x0000000100000000)
  eden space 10752K, 0% used [0x00000000d5580000,0x00000000d5580000,0x00000000d6000000)
  from space 1536K, 98% used [0x00000000d6200000,0x00000000d637b9b0,0x00000000d6380000)
  to   space 2048K, 0% used [0x00000000d6000000,0x00000000d6000000,0x00000000d6200000)
 ParOldGen       total 83968K, used 83749K [0x0000000080000000, 0x0000000085200000, 0x00000000d5580000)
  object space 83968K, 99% used [0x0000000080000000,0x00000000851c96d0,0x0000000085200000)
 Metaspace       used 69438K, committed 70976K, reserved 1114112K
  class space    used 8026K, committed 8640K, reserved 1048576K
}
Event: 141.412 GC heap before
{Heap before GC invocations=84 (full 3):
 PSYoungGen      total 12288K, used 12270K [0x00000000d5580000, 0x00000000d6480000, 0x0000000100000000)
  eden space 10752K, 100% used [0x00000000d5580000,0x00000000d6000000,0x00000000d6000000)
  from space 1536K, 98% used [0x00000000d6200000,0x00000000d637b9b0,0x00000000d6380000)
  to   space 2048K, 0% used [0x00000000d6000000,0x00000000d6000000,0x00000000d6200000)
 ParOldGen       total 83968K, used 83749K [0x0000000080000000, 0x0000000085200000, 0x00000000d5580000)
  object space 83968K, 99% used [0x0000000080000000,0x00000000851c96d0,0x0000000085200000)
 Metaspace       used 69723K, committed 71232K, reserved 1114112K
  class space    used 8053K, committed 8704K, reserved 1048576K
}
Event: 141.418 GC heap after
{Heap after GC invocations=84 (full 3):
 PSYoungGen      total 12800K, used 2044K [0x00000000d5580000, 0x00000000d6d00000, 0x0000000100000000)
  eden space 10752K, 0% used [0x00000000d5580000,0x00000000d5580000,0x00000000d6000000)
  from space 2048K, 99% used [0x00000000d6000000,0x00000000d61ff220,0x00000000d6200000)
  to   space 6656K, 0% used [0x00000000d6680000,0x00000000d6680000,0x00000000d6d00000)
 ParOldGen       total 87552K, used 87259K [0x0000000080000000, 0x0000000085580000, 0x00000000d5580000)
  object space 87552K, 99% used [0x0000000080000000,0x0000000085536dc0,0x0000000085580000)
 Metaspace       used 69723K, committed 71232K, reserved 1114112K
  class space    used 8053K, committed 8704K, reserved 1048576K
}
Event: 141.708 GC heap before
{Heap before GC invocations=85 (full 3):
 PSYoungGen      total 12800K, used 12796K [0x00000000d5580000, 0x00000000d6d00000, 0x0000000100000000)
  eden space 10752K, 100% used [0x00000000d5580000,0x00000000d6000000,0x00000000d6000000)
  from space 2048K, 99% used [0x00000000d6000000,0x00000000d61ff220,0x00000000d6200000)
  to   space 6656K, 0% used [0x00000000d6680000,0x00000000d6680000,0x00000000d6d00000)
 ParOldGen       total 87552K, used 87259K [0x0000000080000000, 0x0000000085580000, 0x00000000d5580000)
  object space 87552K, 99% used [0x0000000080000000,0x0000000085536dc0,0x0000000085580000)
 Metaspace       used 69934K, committed 71488K, reserved 1114112K
  class space    used 8064K, committed 8704K, reserved 1048576K
}
Event: 141.712 GC heap after
{Heap after GC invocations=85 (full 3):
 PSYoungGen      total 14336K, used 3099K [0x00000000d5580000, 0x00000000d6a00000, 0x0000000100000000)
  eden space 10752K, 0% used [0x00000000d5580000,0x00000000d5580000,0x00000000d6000000)
  from space 3584K, 86% used [0x00000000d6680000,0x00000000d6986f28,0x00000000d6a00000)
  to   space 4096K, 0% used [0x00000000d6200000,0x00000000d6200000,0x00000000d6600000)
 ParOldGen       total 89600K, used 89330K [0x0000000080000000, 0x0000000085780000, 0x00000000d5580000)
  object space 89600K, 99% used [0x0000000080000000,0x000000008573cb88,0x0000000085780000)
 Metaspace       used 69934K, committed 71488K, reserved 1114112K
  class space    used 8064K, committed 8704K, reserved 1048576K
}
Event: 141.880 GC heap before
{Heap before GC invocations=86 (full 3):
 PSYoungGen      total 14336K, used 13851K [0x00000000d5580000, 0x00000000d6a00000, 0x0000000100000000)
  eden space 10752K, 100% used [0x00000000d5580000,0x00000000d6000000,0x00000000d6000000)
  from space 3584K, 86% used [0x00000000d6680000,0x00000000d6986f28,0x00000000d6a00000)
  to   space 4096K, 0% used [0x00000000d6200000,0x00000000d6200000,0x00000000d6600000)
 ParOldGen       total 89600K, used 89330K [0x0000000080000000, 0x0000000085780000, 0x00000000d5580000)
  object space 89600K, 99% used [0x0000000080000000,0x000000008573cb88,0x0000000085780000)
 Metaspace       used 70005K, committed 71552K, reserved 1114112K
  class space    used 8064K, committed 8704K, reserved 1048576K
}
Event: 141.883 GC heap after
{Heap after GC invocations=86 (full 3):
 PSYoungGen      total 12288K, used 1232K [0x00000000d5580000, 0x00000000d6700000, 0x0000000100000000)
  eden space 10752K, 0% used [0x00000000d5580000,0x00000000d5580000,0x00000000d6000000)
  from space 1536K, 80% used [0x00000000d6200000,0x00000000d6334368,0x00000000d6380000)
  to   space 2560K, 0% used [0x00000000d6480000,0x00000000d6480000,0x00000000d6700000)
 ParOldGen       total 92672K, used 92262K [0x0000000080000000, 0x0000000085a80000, 0x00000000d5580000)
  object space 92672K, 99% used [0x0000000080000000,0x0000000085a19948,0x0000000085a80000)
 Metaspace       used 70005K, committed 71552K, reserved 1114112K
  class space    used 8064K, committed 8704K, reserved 1048576K
}
Event: 257.265 GC heap before
{Heap before GC invocations=87 (full 3):
 PSYoungGen      total 12288K, used 11984K [0x00000000d5580000, 0x00000000d6700000, 0x0000000100000000)
  eden space 10752K, 100% used [0x00000000d5580000,0x00000000d6000000,0x00000000d6000000)
  from space 1536K, 80% used [0x00000000d6200000,0x00000000d6334368,0x00000000d6380000)
  to   space 2560K, 0% used [0x00000000d6480000,0x00000000d6480000,0x00000000d6700000)
 ParOldGen       total 92672K, used 92262K [0x0000000080000000, 0x0000000085a80000, 0x00000000d5580000)
  object space 92672K, 99% used [0x0000000080000000,0x0000000085a19948,0x0000000085a80000)
 Metaspace       used 70225K, committed 71744K, reserved 1114112K
  class space    used 8070K, committed 8704K, reserved 1048576K
}
Event: 257.267 GC heap after
{Heap after GC invocations=87 (full 3):
 PSYoungGen      total 11264K, used 256K [0x00000000d5580000, 0x00000000d6500000, 0x0000000100000000)
  eden space 10752K, 0% used [0x00000000d5580000,0x00000000d5580000,0x00000000d6000000)
  from space 512K, 50% used [0x00000000d6480000,0x00000000d64c0000,0x00000000d6500000)
  to   space 1024K, 0% used [0x00000000d6300000,0x00000000d6300000,0x00000000d6400000)
 ParOldGen       total 93696K, used 93355K [0x0000000080000000, 0x0000000085b80000, 0x00000000d5580000)
  object space 93696K, 99% used [0x0000000080000000,0x0000000085b2ad00,0x0000000085b80000)
 Metaspace       used 70225K, committed 71744K, reserved 1114112K
  class space    used 8070K, committed 8704K, reserved 1048576K
}
Event: 410.414 GC heap before
{Heap before GC invocations=88 (full 3):
 PSYoungGen      total 11264K, used 11008K [0x00000000d5580000, 0x00000000d6500000, 0x0000000100000000)
  eden space 10752K, 100% used [0x00000000d5580000,0x00000000d6000000,0x00000000d6000000)
  from space 512K, 50% used [0x00000000d6480000,0x00000000d64c0000,0x00000000d6500000)
  to   space 1024K, 0% used [0x00000000d6300000,0x00000000d6300000,0x00000000d6400000)
 ParOldGen       total 93696K, used 93355K [0x0000000080000000, 0x0000000085b80000, 0x00000000d5580000)
  object space 93696K, 99% used [0x0000000080000000,0x0000000085b2ad00,0x0000000085b80000)
 Metaspace       used 70357K, committed 71936K, reserved 1114112K
  class space    used 8073K, committed 8704K, reserved 1048576K
}
Event: 410.415 GC heap after
{Heap after GC invocations=88 (full 3):
 PSYoungGen      total 11776K, used 320K [0x00000000d5580000, 0x00000000d6500000, 0x0000000100000000)
  eden space 10752K, 0% used [0x00000000d5580000,0x00000000d5580000,0x00000000d6000000)
  from space 1024K, 31% used [0x00000000d6300000,0x00000000d6350000,0x00000000d6400000)
  to   space 512K, 0% used [0x00000000d6480000,0x00000000d6480000,0x00000000d6500000)
 ParOldGen       total 93696K, used 93483K [0x0000000080000000, 0x0000000085b80000, 0x00000000d5580000)
  object space 93696K, 99% used [0x0000000080000000,0x0000000085b4ad00,0x0000000085b80000)
 Metaspace       used 70357K, committed 71936K, reserved 1114112K
  class space    used 8073K, committed 8704K, reserved 1048576K
}
Event: 658.533 GC heap before
{Heap before GC invocations=89 (full 3):
 PSYoungGen      total 11776K, used 11072K [0x00000000d5580000, 0x00000000d6500000, 0x0000000100000000)
  eden space 10752K, 100% used [0x00000000d5580000,0x00000000d6000000,0x00000000d6000000)
  from space 1024K, 31% used [0x00000000d6300000,0x00000000d6350000,0x00000000d6400000)
  to   space 512K, 0% used [0x00000000d6480000,0x00000000d6480000,0x00000000d6500000)
 ParOldGen       total 93696K, used 93483K [0x0000000080000000, 0x0000000085b80000, 0x00000000d5580000)
  object space 93696K, 99% used [0x0000000080000000,0x0000000085b4ad00,0x0000000085b80000)
 Metaspace       used 70625K, committed 72128K, reserved 1114112K
  class space    used 8101K, committed 8704K, reserved 1048576K
}
Event: 658.536 GC heap after
{Heap after GC invocations=89 (full 3):
 PSYoungGen      total 11264K, used 224K [0x00000000d5580000, 0x00000000d6500000, 0x0000000100000000)
  eden space 10752K, 0% used [0x00000000d5580000,0x00000000d5580000,0x00000000d6000000)
  from space 512K, 43% used [0x00000000d6480000,0x00000000d64b8000,0x00000000d6500000)
  to   space 512K, 0% used [0x00000000d6400000,0x00000000d6400000,0x00000000d6480000)
 ParOldGen       total 93696K, used 93571K [0x0000000080000000, 0x0000000085b80000, 0x00000000d5580000)
  object space 93696K, 99% used [0x0000000080000000,0x0000000085b60d00,0x0000000085b80000)
 Metaspace       used 70625K, committed 72128K, reserved 1114112K
  class space    used 8101K, committed 8704K, reserved 1048576K
}

Dll operation events (15 events):
Event: 0.022 Loaded shared library c:\Users\asus\.antigravity\extensions\redhat.java-1.54.0-win32-x64\jre\21.0.10-win32-x86_64\bin\java.dll
Event: 0.097 Loaded shared library c:\Users\asus\.antigravity\extensions\redhat.java-1.54.0-win32-x64\jre\21.0.10-win32-x86_64\bin\zip.dll
Event: 0.114 Loaded shared library C:\Users\asus\.antigravity\extensions\redhat.java-1.54.0-win32-x64\jre\21.0.10-win32-x86_64\bin\instrument.dll
Event: 0.118 Loaded shared library C:\Users\asus\.antigravity\extensions\redhat.java-1.54.0-win32-x64\jre\21.0.10-win32-x86_64\bin\net.dll
Event: 0.120 Loaded shared library C:\Users\asus\.antigravity\extensions\redhat.java-1.54.0-win32-x64\jre\21.0.10-win32-x86_64\bin\nio.dll
Event: 0.123 Loaded shared library C:\Users\asus\.antigravity\extensions\redhat.java-1.54.0-win32-x64\jre\21.0.10-win32-x86_64\bin\zip.dll
Event: 0.144 Loaded shared library C:\Users\asus\.antigravity\extensions\redhat.java-1.54.0-win32-x64\jre\21.0.10-win32-x86_64\bin\jimage.dll
Event: 0.206 Loaded shared library c:\Users\asus\.antigravity\extensions\redhat.java-1.54.0-win32-x64\jre\21.0.10-win32-x86_64\bin\verify.dll
Event: 1.326 Loaded shared library C:\Users\asus\AppData\Roaming\Antigravity\User\globalStorage\redhat.java\1.54.0\config_win\org.eclipse.equinox.launcher\org.eclipse.equinox.launcher.win32.win32.x86_64_1.3.0.v20260203-2149\eclipse_11919.dll
Event: 4.122 Loaded shared library C:\Users\asus\AppData\Local\Temp\jna-3003984\jna8563582509028533096.dll
Event: 6.406 Loaded shared library C:\Users\asus\.gradle\native\1def1411415f61bf3af743bc5b6707747c0891f09f0c88961ee8f79bc544acac\windows-amd64\native-platform.dll
Event: 6.844 Loaded shared library C:\Users\asus\.antigravity\extensions\redhat.java-1.54.0-win32-x64\jre\21.0.10-win32-x86_64\bin\management.dll
Event: 6.846 Loaded shared library C:\Users\asus\.antigravity\extensions\redhat.java-1.54.0-win32-x64\jre\21.0.10-win32-x86_64\bin\management_ext.dll
Event: 7.964 Loaded shared library C:\Users\asus\.antigravity\extensions\redhat.java-1.54.0-win32-x64\jre\21.0.10-win32-x86_64\bin\extnet.dll
Event: 8.092 Loaded shared library C:\Users\asus\.antigravity\extensions\redhat.java-1.54.0-win32-x64\jre\21.0.10-win32-x86_64\bin\sunmscapi.dll

Deoptimization events (20 events):
Event: 437.119 Thread 0x000001c4ed204000 Uncommon trap: trap_request=0xffffffde fr.pc=0x000001c49860c6e4 relative=0x0000000000000424
Event: 437.119 Thread 0x000001c4ed204000 Uncommon trap: reason=class_check action=maybe_recompile pc=0x000001c49860c6e4 method=java.io.DataOutputStream.writeInt(I)V @ 19 c2
Event: 437.119 Thread 0x000001c4ed204000 DEOPT PACKING pc=0x000001c49860c6e4 sp=0x0000001555bfed80
Event: 437.119 Thread 0x000001c4ed204000 DEOPT UNPACKING pc=0x000001c497b63aa2 sp=0x0000001555bfed28 mode 2
Event: 437.119 Thread 0x000001c4ed204000 Uncommon trap: trap_request=0xffffffde fr.pc=0x000001c4986061f8 relative=0x0000000000000b38
Event: 437.119 Thread 0x000001c4ed204000 Uncommon trap: reason=class_check action=maybe_recompile pc=0x000001c4986061f8 method=java.io.DataOutputStream.write([BII)V @ 7 c2
Event: 437.119 Thread 0x000001c4ed204000 DEOPT PACKING pc=0x000001c4986061f8 sp=0x0000001555bfedb0
Event: 437.119 Thread 0x000001c4ed204000 DEOPT UNPACKING pc=0x000001c497b63aa2 sp=0x0000001555bfece0 mode 2
Event: 437.119 Thread 0x000001c4ed204000 Uncommon trap: trap_request=0xffffffde fr.pc=0x000001c4986061f8 relative=0x0000000000000b38
Event: 437.119 Thread 0x000001c4ed204000 Uncommon trap: reason=class_check action=maybe_recompile pc=0x000001c4986061f8 method=java.io.DataOutputStream.write([BII)V @ 7 c2
Event: 437.119 Thread 0x000001c4ed204000 DEOPT PACKING pc=0x000001c4986061f8 sp=0x0000001555bfedb0
Event: 437.119 Thread 0x000001c4ed204000 DEOPT UNPACKING pc=0x000001c497b63aa2 sp=0x0000001555bfece0 mode 2
Event: 437.158 Thread 0x000001c4ed204000 Uncommon trap: trap_request=0xffffff45 fr.pc=0x000001c4988cd670 relative=0x00000000000007f0
Event: 437.158 Thread 0x000001c4ed204000 Uncommon trap: reason=unstable_if action=reinterpret pc=0x000001c4988cd670 method=java.io.InputStream.read([BII)I @ 52 c2
Event: 437.158 Thread 0x000001c4ed204000 DEOPT PACKING pc=0x000001c4988cd670 sp=0x0000001555bfee40
Event: 437.158 Thread 0x000001c4ed204000 DEOPT UNPACKING pc=0x000001c497b63aa2 sp=0x0000001555bfedf0 mode 2
Event: 654.167 Thread 0x000001c4ed2053b0 Uncommon trap: trap_request=0xffffffbe fr.pc=0x000001c49867c83c relative=0x000000000000055c
Event: 654.167 Thread 0x000001c4ed2053b0 Uncommon trap: reason=profile_predicate action=maybe_recompile pc=0x000001c49867c83c method=java.io.InputStream.read([BII)I @ 37 c2
Event: 654.167 Thread 0x000001c4ed2053b0 DEOPT PACKING pc=0x000001c49867c83c sp=0x0000001555afed20
Event: 654.167 Thread 0x000001c4ed2053b0 DEOPT UNPACKING pc=0x000001c497b63aa2 sp=0x0000001555afed00 mode 2

Classes loaded (20 events):
Event: 437.094 Loading class java/util/stream/Nodes$CollectorTask$OfRef
Event: 437.095 Loading class java/util/stream/Nodes$CollectorTask
Event: 437.095 Loading class java/util/stream/Nodes$CollectorTask done
Event: 437.095 Loading class java/util/stream/Nodes$CollectorTask$OfRef done
Event: 437.095 Loading class java/util/function/LongFunction
Event: 437.095 Loading class java/util/function/LongFunction done
Event: 437.095 Loading class java/util/stream/Nodes$ConcNode
Event: 437.096 Loading class java/util/stream/Nodes$AbstractConcNode
Event: 437.096 Loading class java/util/stream/Nodes$AbstractConcNode done
Event: 437.096 Loading class java/util/stream/Nodes$ConcNode done
Event: 437.110 Loading class java/util/stream/Nodes$ToArrayTask$OfRef
Event: 437.111 Loading class java/util/stream/Nodes$ToArrayTask
Event: 437.111 Loading class java/util/stream/Nodes$ToArrayTask done
Event: 437.111 Loading class java/util/stream/Nodes$ToArrayTask$OfRef done
Event: 437.112 Loading class java/io/ObjectOutputStream$BlockDataOutputStream
Event: 437.113 Loading class java/io/ObjectOutputStream$BlockDataOutputStream done
Event: 437.113 Loading class java/io/ObjectOutputStream$HandleTable
Event: 437.113 Loading class java/io/ObjectOutputStream$HandleTable done
Event: 437.113 Loading class java/io/ObjectOutputStream$ReplaceTable
Event: 437.113 Loading class java/io/ObjectOutputStream$ReplaceTable done

Classes unloaded (7 events):
Event: 4.604 Thread 0x000001c4a3e740c0 Unloading class 0x000001c4a51acc00 'java/lang/invoke/LambdaForm$MH+0x000001c4a51acc00'
Event: 4.604 Thread 0x000001c4a3e740c0 Unloading class 0x000001c4a51ac800 'java/lang/invoke/LambdaForm$MH+0x000001c4a51ac800'
Event: 4.604 Thread 0x000001c4a3e740c0 Unloading class 0x000001c4a51ac400 'java/lang/invoke/LambdaForm$MH+0x000001c4a51ac400'
Event: 4.604 Thread 0x000001c4a3e740c0 Unloading class 0x000001c4a51ac000 'java/lang/invoke/LambdaForm$MH+0x000001c4a51ac000'
Event: 4.604 Thread 0x000001c4a3e740c0 Unloading class 0x000001c4a51abc00 'java/lang/invoke/LambdaForm$BMH+0x000001c4a51abc00'
Event: 4.604 Thread 0x000001c4a3e740c0 Unloading class 0x000001c4a51ab800 'java/lang/invoke/LambdaForm$DMH+0x000001c4a51ab800'
Event: 4.604 Thread 0x000001c4a3e740c0 Unloading class 0x000001c4a51aa400 'java/lang/invoke/LambdaForm$DMH+0x000001c4a51aa400'

Classes redefined (0 events):
No events

Internal exceptions (20 events):
Event: 947.199 Thread 0x000001c4ee81c310 Exception <a 'sun/nio/fs/WindowsException'{0x00000000d56f1a68}> (0x00000000d56f1a68) 
thrown [s\src\hotspot\share\prims\jni.cpp, line 520]
Event: 947.199 Thread 0x000001c4ee81c310 Exception <a 'sun/nio/fs/WindowsException'{0x00000000d56f23c8}> (0x00000000d56f23c8) 
thrown [s\src\hotspot\share\prims\jni.cpp, line 520]
Event: 947.200 Thread 0x000001c4ee81c310 Exception <a 'sun/nio/fs/WindowsException'{0x00000000d56f39e0}> (0x00000000d56f39e0) 
thrown [s\src\hotspot\share\prims\jni.cpp, line 520]
Event: 947.200 Thread 0x000001c4ee81c310 Exception <a 'sun/nio/fs/WindowsException'{0x00000000d56f42c0}> (0x00000000d56f42c0) 
thrown [s\src\hotspot\share\prims\jni.cpp, line 520]
Event: 947.201 Thread 0x000001c4ee81c310 Exception <a 'sun/nio/fs/WindowsException'{0x00000000d56f5808}> (0x00000000d56f5808) 
thrown [s\src\hotspot\share\prims\jni.cpp, line 520]
Event: 947.201 Thread 0x000001c4ee81c310 Exception <a 'sun/nio/fs/WindowsException'{0x00000000d56f60e8}> (0x00000000d56f60e8) 
thrown [s\src\hotspot\share\prims\jni.cpp, line 520]
Event: 947.201 Thread 0x000001c4ee81c310 Exception <a 'sun/nio/fs/WindowsException'{0x00000000d56f7680}> (0x00000000d56f7680) 
thrown [s\src\hotspot\share\prims\jni.cpp, line 520]
Event: 947.201 Thread 0x000001c4ee81c310 Exception <a 'sun/nio/fs/WindowsException'{0x00000000d56f7fe0}> (0x00000000d56f7fe0) 
thrown [s\src\hotspot\share\prims\jni.cpp, line 520]
Event: 947.201 Thread 0x000001c4ee81c310 Exception <a 'sun/nio/fs/WindowsException'{0x00000000d56f95f8}> (0x00000000d56f95f8) 
thrown [s\src\hotspot\share\prims\jni.cpp, line 520]
Event: 947.201 Thread 0x000001c4ee81c310 Exception <a 'sun/nio/fs/WindowsException'{0x00000000d56f9ed8}> (0x00000000d56f9ed8) 
thrown [s\src\hotspot\share\prims\jni.cpp, line 520]
Event: 947.201 Thread 0x000001c4ee81c310 Exception <a 'sun/nio/fs/WindowsException'{0x00000000d56fb790}> (0x00000000d56fb790) 
thrown [s\src\hotspot\share\prims\jni.cpp, line 520]
Event: 947.201 Thread 0x000001c4ee81c310 Exception <a 'sun/nio/fs/WindowsException'{0x00000000d56fc2d0}> (0x00000000d56fc2d0) 
thrown [s\src\hotspot\share\prims\jni.cpp, line 520]
Event: 947.201 Thread 0x000001c4ee81c310 Exception <a 'sun/nio/fs/WindowsException'{0x00000000d56fd868}> (0x00000000d56fd868) 
thrown [s\src\hotspot\share\prims\jni.cpp, line 520]
Event: 947.201 Thread 0x000001c4ee81c310 Exception <a 'sun/nio/fs/WindowsException'{0x00000000d56fe1c8}> (0x00000000d56fe1c8) 
thrown [s\src\hotspot\share\prims\jni.cpp, line 520]
Event: 947.201 Thread 0x000001c4ee81c310 Exception <a 'sun/nio/fs/WindowsException'{0x00000000d56ff830}> (0x00000000d56ff830) 
thrown [s\src\hotspot\share\prims\jni.cpp, line 520]
Event: 947.201 Thread 0x000001c4ee81c310 Exception <a 'sun/nio/fs/WindowsException'{0x00000000d5700190}> (0x00000000d5700190) 
thrown [s\src\hotspot\share\prims\jni.cpp, line 520]
Event: 947.202 Thread 0x000001c4ee81c310 Exception <a 'sun/nio/fs/WindowsException'{0x00000000d57017a8}> (0x00000000d57017a8) 
thrown [s\src\hotspot\share\prims\jni.cpp, line 520]
Event: 947.202 Thread 0x000001c4ee81c310 Exception <a 'sun/nio/fs/WindowsException'{0x00000000d5702088}> (0x00000000d5702088) 
thrown [s\src\hotspot\share\prims\jni.cpp, line 520]
Event: 947.202 Thread 0x000001c4ee81c310 Exception <a 'sun/nio/fs/WindowsException'{0x00000000d57035d0}> (0x00000000d57035d0) 
thrown [s\src\hotspot\share\prims\jni.cpp, line 520]
Event: 947.202 Thread 0x000001c4ee81c310 Exception <a 'sun/nio/fs/WindowsException'{0x00000000d5703eb0}> (0x00000000d5703eb0) 
thrown [s\src\hotspot\share\prims\jni.cpp, line 520]

ZGC Phase Switch (0 events):
No events

VM Operations (20 events):
Event: 947.785 Executing safepoint VM operation: Cleanup
Event: 947.785 Executing safepoint VM operation: Cleanup done
Event: 963.013 Executing non-safepoint VM operation: HandshakeAllThreads (HandshakeForDeflation)
Event: 963.013 Executing non-safepoint VM operation: HandshakeAllThreads (HandshakeForDeflation) done
Event: 963.013 Executing non-safepoint VM operation: RendezvousGCThreads
Event: 963.013 Executing non-safepoint VM operation: RendezvousGCThreads done
Event: 1204.426 Executing safepoint VM operation: Cleanup
Event: 1204.426 Executing safepoint VM operation: Cleanup done
Event: 1263.917 Executing non-safepoint VM operation: HandshakeAllThreads (HandshakeForDeflation)
Event: 1263.917 Executing non-safepoint VM operation: HandshakeAllThreads (HandshakeForDeflation) done
Event: 1263.917 Executing non-safepoint VM operation: RendezvousGCThreads
Event: 1263.917 Executing non-safepoint VM operation: RendezvousGCThreads done
Event: 2105.790 Executing non-safepoint VM operation: HandshakeAllThreads (HandshakeForDeflation)
Event: 2105.790 Executing non-safepoint VM operation: HandshakeAllThreads (HandshakeForDeflation) done
Event: 2105.791 Executing non-safepoint VM operation: RendezvousGCThreads
Event: 2105.791 Executing non-safepoint VM operation: RendezvousGCThreads done
Event: 2286.325 Executing non-safepoint VM operation: HandshakeAllThreads (HandshakeForDeflation)
Event: 2286.325 Executing non-safepoint VM operation: HandshakeAllThreads (HandshakeForDeflation) done
Event: 2286.325 Executing non-safepoint VM operation: RendezvousGCThreads
Event: 2286.325 Executing non-safepoint VM operation: RendezvousGCThreads done

Memory protections (0 events):
No events

Nmethod flushes (20 events):
Event: 7.998 Thread 0x000001c4a3e740c0 flushing  nmethod 0x000001c490e99690
Event: 7.998 Thread 0x000001c4a3e740c0 flushing  nmethod 0x000001c490e99f10
Event: 7.998 Thread 0x000001c4a3e740c0 flushing  nmethod 0x000001c490e9ba10
Event: 7.998 Thread 0x000001c4a3e740c0 flushing  nmethod 0x000001c490ec5390
Event: 7.998 Thread 0x000001c4a3e740c0 flushing  nmethod 0x000001c490ed8c90
Event: 7.998 Thread 0x000001c4a3e740c0 flushing  nmethod 0x000001c490edd090
Event: 7.998 Thread 0x000001c4a3e740c0 flushing  nmethod 0x000001c490edfa10
Event: 7.998 Thread 0x000001c4a3e740c0 flushing  nmethod 0x000001c490efd690
Event: 7.998 Thread 0x000001c4a3e740c0 flushing  nmethod 0x000001c490f0b790
Event: 7.998 Thread 0x000001c4a3e740c0 flushing  nmethod 0x000001c490f0d290
Event: 7.998 Thread 0x000001c4a3e740c0 flushing  nmethod 0x000001c490f0f590
Event: 7.998 Thread 0x000001c4a3e740c0 flushing  nmethod 0x000001c490f12910
Event: 7.998 Thread 0x000001c4a3e740c0 flushing  nmethod 0x000001c490f1a110
Event: 7.998 Thread 0x000001c4a3e740c0 flushing  nmethod 0x000001c490f1b990
Event: 7.998 Thread 0x000001c4a3e740c0 flushing  nmethod 0x000001c490f22510
Event: 7.998 Thread 0x000001c4a3e740c0 flushing  nmethod 0x000001c490f22c90
Event: 7.998 Thread 0x000001c4a3e740c0 flushing  nmethod 0x000001c490f23010
Event: 7.998 Thread 0x000001c4a3e740c0 flushing  nmethod 0x000001c490f23390
Event: 7.998 Thread 0x000001c4a3e740c0 flushing  nmethod 0x000001c490f35110
Event: 7.998 Thread 0x000001c4a3e740c0 flushing  nmethod 0x000001c490f54190

Events (20 events):
Event: 947.203 Thread 0x000001c4ee81b5f0 Thread added: 0x000001c4ee819520
Event: 947.203 Thread 0x000001c4ee81c9a0 Thread added: 0x000001c4ee81af60
Event: 947.203 Thread 0x000001c4ee81b5f0 Thread added: 0x000001c4ee81d030
Event: 947.203 Thread 0x000001c4ee81c9a0 Thread added: 0x000001c4ee81d6c0
Event: 947.203 Thread 0x000001c4ee81b5f0 Thread added: 0x000001c4ee81a8d0
Event: 947.203 Thread 0x000001c4ee81c9a0 Thread added: 0x000001c4ee8204b0
Event: 947.203 Thread 0x000001c4ee81b5f0 Thread added: 0x000001c4ee81f100
Event: 947.204 Thread 0x000001c4ee819520 Thread added: 0x000001c4ee81e3e0
Event: 947.204 Thread 0x000001c4ee81c9a0 Thread added: 0x000001c4ee81f790
Event: 947.204 Thread 0x000001c4ee81f790 Thread exited: 0x000001c4ee81f790
Event: 947.204 Thread 0x000001c4ee81b5f0 Thread exited: 0x000001c4ee81b5f0
Event: 947.204 Thread 0x000001c4ee81c9a0 Thread exited: 0x000001c4ee81c9a0
Event: 947.204 Thread 0x000001c4ee81e3e0 Thread exited: 0x000001c4ee81e3e0
Event: 947.204 Thread 0x000001c4ee81a8d0 Thread exited: 0x000001c4ee81a8d0
Event: 947.204 Thread 0x000001c4ee81f100 Thread exited: 0x000001c4ee81f100
Event: 947.204 Thread 0x000001c4ee819520 Thread exited: 0x000001c4ee819520
Event: 947.204 Thread 0x000001c4ee81d6c0 Thread exited: 0x000001c4ee81d6c0
Event: 947.204 Thread 0x000001c4ee8204b0 Thread exited: 0x000001c4ee8204b0
Event: 947.204 Thread 0x000001c4ee81af60 Thread exited: 0x000001c4ee81af60
Event: 947.204 Thread 0x000001c4ee81d030 Thread exited: 0x000001c4ee81d030


Dynamic libraries:
0x00007ff6a66a0000 - 0x00007ff6a66ae000 	c:\Users\asus\.antigravity\extensions\redhat.java-1.54.0-win32-x64\jre\21.0.10-win32-x86_64\bin\java.exe
0x00007ffa76920000 - 0x00007ffa76b88000 	C:\WINDOWS\SYSTEM32\ntdll.dll
0x00007ffa759c0000 - 0x00007ffa75a89000 	C:\WINDOWS\System32\KERNEL32.DLL
0x00007ffa73e00000 - 0x00007ffa741ed000 	C:\WINDOWS\System32\KERNELBASE.dll
0x00007ffa743f0000 - 0x00007ffa7453b000 	C:\WINDOWS\System32\ucrtbase.dll
0x00007ffa05280000 - 0x00007ffa05298000 	c:\Users\asus\.antigravity\extensions\redhat.java-1.54.0-win32-x64\jre\21.0.10-win32-x86_64\bin\jli.dll
0x00007ffa76410000 - 0x00007ffa765dc000 	C:\WINDOWS\System32\USER32.dll
0x00007ffa73c80000 - 0x00007ffa73ca7000 	C:\WINDOWS\System32\win32u.dll
0x00007ffa75cc0000 - 0x00007ffa75ceb000 	C:\WINDOWS\System32\GDI32.dll
0x00007ffa741f0000 - 0x00007ffa74327000 	C:\WINDOWS\System32\gdi32full.dll
0x00007ffa73d50000 - 0x00007ffa73df3000 	C:\WINDOWS\System32\msvcp_win.dll
0x00007ffa052a0000 - 0x00007ffa052be000 	c:\Users\asus\.antigravity\extensions\redhat.java-1.54.0-win32-x64\jre\21.0.10-win32-x86_64\bin\VCRUNTIME140.dll
0x00007ffa66ee0000 - 0x00007ffa6717a000 	C:\WINDOWS\WinSxS\amd64_microsoft.windows.common-controls_6595b64144ccf1df_6.0.26100.4484_none_3e0e6d4ce32ef3b3\COMCTL32.dll
0x00007ffa74eb0000 - 0x00007ffa74f59000 	C:\WINDOWS\System32\msvcrt.dll
0x00007ffa75410000 - 0x00007ffa7543f000 	C:\WINDOWS\System32\IMM32.DLL
0x00007ffa55c90000 - 0x00007ffa55c9c000 	c:\Users\asus\.antigravity\extensions\redhat.java-1.54.0-win32-x64\jre\21.0.10-win32-x86_64\bin\vcruntime140_1.dll
0x00007ffa051f0000 - 0x00007ffa0527d000 	c:\Users\asus\.antigravity\extensions\redhat.java-1.54.0-win32-x64\jre\21.0.10-win32-x86_64\bin\msvcp140.dll
0x00007ffa04440000 - 0x00007ffa051e1000 	c:\Users\asus\.antigravity\extensions\redhat.java-1.54.0-win32-x64\jre\21.0.10-win32-x86_64\bin\server\jvm.dll
0x00007ffa75890000 - 0x00007ffa75944000 	C:\WINDOWS\System32\ADVAPI32.dll
0x00007ffa75cf0000 - 0x00007ffa75d96000 	C:\WINDOWS\System32\sechost.dll
0x00007ffa765e0000 - 0x00007ffa766f8000 	C:\WINDOWS\System32\RPCRT4.dll
0x00007ffa75c40000 - 0x00007ffa75cb4000 	C:\WINDOWS\System32\WS2_32.dll
0x00007ffa731e0000 - 0x00007ffa7323e000 	C:\WINDOWS\SYSTEM32\POWRPROF.dll
0x00007ffa6aad0000 - 0x00007ffa6ab05000 	C:\WINDOWS\SYSTEM32\WINMM.dll
0x00007ffa6ce70000 - 0x00007ffa6ce7b000 	C:\WINDOWS\SYSTEM32\VERSION.dll
0x00007ffa731c0000 - 0x00007ffa731d4000 	C:\WINDOWS\SYSTEM32\UMPDC.dll
0x00007ffa72810000 - 0x00007ffa7282b000 	C:\WINDOWS\SYSTEM32\kernel.appcore.dll
0x00007ffa55b50000 - 0x00007ffa55b5a000 	c:\Users\asus\.antigravity\extensions\redhat.java-1.54.0-win32-x64\jre\21.0.10-win32-x86_64\bin\jimage.dll
0x00007ffa66890000 - 0x00007ffa66ad1000 	C:\WINDOWS\SYSTEM32\DBGHELP.DLL
0x00007ffa74f90000 - 0x00007ffa75316000 	C:\WINDOWS\System32\combase.dll
0x00007ffa75320000 - 0x00007ffa75400000 	C:\WINDOWS\System32\OLEAUT32.dll
0x00007ffa5d040000 - 0x00007ffa5d083000 	C:\WINDOWS\SYSTEM32\dbgcore.DLL
0x00007ffa73cb0000 - 0x00007ffa73d49000 	C:\WINDOWS\System32\bcryptPrimitives.dll
0x00007ffa4f110000 - 0x00007ffa4f11f000 	c:\Users\asus\.antigravity\extensions\redhat.java-1.54.0-win32-x64\jre\21.0.10-win32-x86_64\bin\instrument.dll
0x00007ffa04420000 - 0x00007ffa04440000 	c:\Users\asus\.antigravity\extensions\redhat.java-1.54.0-win32-x64\jre\21.0.10-win32-x86_64\bin\java.dll
0x00007ffa74760000 - 0x00007ffa74eaa000 	C:\WINDOWS\System32\SHELL32.dll
0x00007ffa74540000 - 0x00007ffa746b4000 	C:\WINDOWS\System32\wintypes.dll
0x00007ffa716f0000 - 0x00007ffa71f4b000 	C:\WINDOWS\SYSTEM32\windows.storage.dll
0x00007ffa756a0000 - 0x00007ffa75795000 	C:\WINDOWS\System32\SHCORE.dll
0x00007ffa75950000 - 0x00007ffa759ba000 	C:\WINDOWS\System32\shlwapi.dll
0x00007ffa73980000 - 0x00007ffa739af000 	C:\WINDOWS\SYSTEM32\profapi.dll
0x00007ffa04400000 - 0x00007ffa04418000 	c:\Users\asus\.antigravity\extensions\redhat.java-1.54.0-win32-x64\jre\21.0.10-win32-x86_64\bin\zip.dll
0x00007ffa4c700000 - 0x00007ffa4c710000 	C:\Users\asus\.antigravity\extensions\redhat.java-1.54.0-win32-x64\jre\21.0.10-win32-x86_64\bin\net.dll
0x00007ffa6d4a0000 - 0x00007ffa6d5be000 	C:\WINDOWS\SYSTEM32\WINHTTP.dll
0x00007ffa72da0000 - 0x00007ffa72e0a000 	C:\WINDOWS\system32\mswsock.dll
0x00007ffa043e0000 - 0x00007ffa043f6000 	C:\Users\asus\.antigravity\extensions\redhat.java-1.54.0-win32-x64\jre\21.0.10-win32-x86_64\bin\nio.dll
0x00007ffa497f0000 - 0x00007ffa49800000 	c:\Users\asus\.antigravity\extensions\redhat.java-1.54.0-win32-x64\jre\21.0.10-win32-x86_64\bin\verify.dll
0x00007ffa21120000 - 0x00007ffa21165000 	C:\Users\asus\AppData\Roaming\Antigravity\User\globalStorage\redhat.java\1.54.0\config_win\org.eclipse.equinox.launcher\org.eclipse.equinox.launcher.win32.win32.x86_64_1.3.0.v20260203-2149\eclipse_11919.dll
0x00007ffa75da0000 - 0x00007ffa75f3e000 	C:\WINDOWS\System32\ole32.dll
0x00007ffa730e0000 - 0x00007ffa730fb000 	C:\WINDOWS\SYSTEM32\CRYPTSP.dll
0x00007ffa72770000 - 0x00007ffa727ab000 	C:\WINDOWS\system32\rsaenh.dll
0x00007ffa72e40000 - 0x00007ffa72e6b000 	C:\WINDOWS\SYSTEM32\USERENV.dll
0x00007ffa73950000 - 0x00007ffa73976000 	C:\WINDOWS\SYSTEM32\bcrypt.dll
0x00007ffa73100000 - 0x00007ffa7310c000 	C:\WINDOWS\SYSTEM32\CRYPTBASE.dll
0x00007ffa72240000 - 0x00007ffa72273000 	C:\WINDOWS\SYSTEM32\IPHLPAPI.DLL
0x00007ffa75450000 - 0x00007ffa7545a000 	C:\WINDOWS\System32\NSI.dll
0x00007ffa1a8f0000 - 0x00007ffa1a939000 	C:\Users\asus\AppData\Local\Temp\jna-3003984\jna8563582509028533096.dll
0x00007ffa74750000 - 0x00007ffa74758000 	C:\WINDOWS\System32\PSAPI.DLL
0x00007ffa6d470000 - 0x00007ffa6d48f000 	C:\WINDOWS\SYSTEM32\dhcpcsvc6.DLL
0x00007ffa6d420000 - 0x00007ffa6d445000 	C:\WINDOWS\SYSTEM32\dhcpcsvc.DLL
0x00007ffa639c0000 - 0x00007ffa639e7000 	C:\Users\asus\.gradle\native\1def1411415f61bf3af743bc5b6707747c0891f09f0c88961ee8f79bc544acac\windows-amd64\native-platform.dll
0x00007ffa70220000 - 0x00007ffa7022a000 	C:\Users\asus\.antigravity\extensions\redhat.java-1.54.0-win32-x64\jre\21.0.10-win32-x86_64\bin\management.dll
0x00007ffa639b0000 - 0x00007ffa639bc000 	C:\Users\asus\.antigravity\extensions\redhat.java-1.54.0-win32-x64\jre\21.0.10-win32-x86_64\bin\management_ext.dll
0x00007ffa70230000 - 0x00007ffa70239000 	C:\Users\asus\.antigravity\extensions\redhat.java-1.54.0-win32-x64\jre\21.0.10-win32-x86_64\bin\extnet.dll
0x00007ffa70250000 - 0x00007ffa7025e000 	C:\Users\asus\.antigravity\extensions\redhat.java-1.54.0-win32-x64\jre\21.0.10-win32-x86_64\bin\sunmscapi.dll
0x00007ffa73a70000 - 0x00007ffa73be7000 	C:\WINDOWS\System32\CRYPT32.dll
0x00007ffa73390000 - 0x00007ffa733c0000 	C:\WINDOWS\SYSTEM32\ncrypt.dll
0x00007ffa73340000 - 0x00007ffa7337f000 	C:\WINDOWS\SYSTEM32\NTASN1.dll
0x00007ffa70240000 - 0x00007ffa70248000 	C:\WINDOWS\system32\wshunix.dll

JVMTI agents:
c:\Users\asus\.antigravity\extensions\redhat.java-1.54.0-win32-x64\lombok\lombok-1.18.39-4050.jar path:c:\Users\asus\.antigravity\extensions\redhat.java-1.54.0-win32-x64\jre\21.0.10-win32-x86_64\bin\instrument.dll, loaded, initialized, instrumentlib options:none

dbghelp: loaded successfully - version: 4.0.5 - missing functions: none
symbol engine: initialized successfully - sym options: 0x614 - pdb path: .;c:\Users\asus\.antigravity\extensions\redhat.java-1.54.0-win32-x64\jre\21.0.10-win32-x86_64\bin;C:\WINDOWS\SYSTEM32;C:\WINDOWS\WinSxS\amd64_microsoft.windows.common-controls_6595b64144ccf1df_6.0.26100.4484_none_3e0e6d4ce32ef3b3;c:\Users\asus\.antigravity\extensions\redhat.java-1.54.0-win32-x64\jre\21.0.10-win32-x86_64\bin\server;C:\Users\asus\AppData\Roaming\Antigravity\User\globalStorage\redhat.java\1.54.0\config_win\org.eclipse.equinox.launcher\org.eclipse.equinox.launcher.win32.win32.x86_64_1.3.0.v20260203-2149;C:\Users\asus\AppData\Local\Temp\jna-3003984;C:\Users\asus\.gradle\native\1def1411415f61bf3af743bc5b6707747c0891f09f0c88961ee8f79bc544acac\windows-amd64

VM Arguments:
jvm_args: --add-modules=ALL-SYSTEM --add-opens=java.base/java.util=ALL-UNNAMED --add-opens=java.base/java.lang=ALL-UNNAMED --add-opens=java.base/sun.nio.fs=ALL-UNNAMED -Declipse.application=org.eclipse.jdt.ls.core.id1 -Dosgi.bundles.defaultStartLevel=4 -Declipse.product=org.eclipse.jdt.ls.core.product -Djava.import.generatesMetadataFilesAtProjectRoot=false -DDetectVMInstallationsJob.disabled=true -Dfile.encoding=utf8 -XX:+UseParallelGC -XX:GCTimeRatio=4 -XX:AdaptiveSizePolicyWeight=90 -Dsun.zip.disableMemoryMapping=true -Xmx2G -Xms100m -Xlog:disable -javaagent:c:\Users\asus\.antigravity\extensions\redhat.java-1.54.0-win32-x64\lombok\lombok-1.18.39-4050.jar -XX:+HeapDumpOnOutOfMemoryError -XX:HeapDumpPath=c:\Users\asus\AppData\Roaming\Antigravity\User\workspaceStorage\dfdbc406f2562dfc06f22704ce32b1ad\redhat.java -Daether.dependencyCollector.impl=bf 
java_command: c:\Users\asus\.antigravity\extensions\redhat.java-1.54.0-win32-x64\server\plugins\org.eclipse.equinox.launcher_1.7.100.v20251111-0406.jar -configuration c:\Users\asus\AppData\Roaming\Antigravity\User\globalStorage\redhat.java\1.54.0\config_win -data c:\Users\asus\AppData\Roaming\Antigravity\User\workspaceStorage\dfdbc406f2562dfc06f22704ce32b1ad\redhat.java\jdt_ws --pipe=\\.\pipe\lsp-ba99bbd572bf9c720c13795c19b29be6-sock
java_class_path (initial): c:\Users\asus\.antigravity\extensions\redhat.java-1.54.0-win32-x64\server\plugins\org.eclipse.equinox.launcher_1.7.100.v20251111-0406.jar
Launcher Type: SUN_STANDARD

[Global flags]
    uintx AdaptiveSizePolicyWeight                 = 90                                        {product} {command line}
     intx CICompilerCount                          = 4                                         {product} {ergonomic}
    uintx GCTimeRatio                              = 4                                         {product} {command line}
     bool HeapDumpOnOutOfMemoryError               = true                                   {manageable} {command line}
    ccstr HeapDumpPath                             = c:\Users\asus\AppData\Roaming\Antigravity\User\workspaceStorage\dfdbc406f2562dfc06f22704ce32b1ad\redhat.java         {manageable} {command line}
   size_t InitialHeapSize                          = 104857600                                 {product} {command line}
   size_t MaxHeapSize                              = 2147483648                                {product} {command line}
   size_t MaxNewSize                               = 715653120                                 {product} {ergonomic}
   size_t MinHeapDeltaBytes                        = 524288                                    {product} {ergonomic}
   size_t MinHeapSize                              = 104857600                                 {product} {command line}
   size_t NewSize                                  = 34603008                                  {product} {ergonomic}
    uintx NonNMethodCodeHeapSize                   = 5839372                                {pd product} {ergonomic}
    uintx NonProfiledCodeHeapSize                  = 122909434                              {pd product} {ergonomic}
   size_t OldSize                                  = 70254592                                  {product} {ergonomic}
    uintx ProfiledCodeHeapSize                     = 122909434                              {pd product} {ergonomic}
    uintx ReservedCodeCacheSize                    = 251658240                              {pd product} {ergonomic}
     bool SegmentedCodeCache                       = true                                      {product} {ergonomic}
   size_t SoftMaxHeapSize                          = 2147483648                             {manageable} {ergonomic}
     bool UseCompressedOops                        = true                           {product lp64_product} {ergonomic}
     bool UseLargePagesIndividualAllocation        = false                                  {pd product} {ergonomic}
     bool UseParallelGC                            = true                                      {product} {command line}

Logging:
Log output configuration:
 #0: stdout all=off uptime,level,tags foldmultilines=false
 #1: stderr all=off uptime,level,tags foldmultilines=false

Release file:
JAVA_VERSION="21.0.10" 
MODULES="java.base java.compiler java.datatransfer java.xml java.prefs java.desktop java.instrument java.logging java.management java.security.sasl java.naming java.rmi java.management.rmi java.net.http java.scripting java.security.jgss java.transaction.xa java.sql java.sql.rowset java.xml.crypto java.se java.smartcardio jdk.accessibility jdk.internal.jvmstat jdk.attach jdk.charsets jdk.internal.opt jdk.zipfs jdk.compiler jdk.crypto.ec jdk.crypto.cryptoki jdk.crypto.mscapi jdk.dynalink jdk.internal.ed jdk.editpad jdk.hotspot.agent jdk.httpserver jdk.internal.le jdk.internal.vm.ci jdk.internal.vm.compiler jdk.internal.vm.compiler.management jdk.jartool jdk.javadoc jdk.jcmd jdk.management jdk.management.agent jdk.jconsole jdk.jdeps jdk.jdwp.agent jdk.jdi jdk.jfr jdk.jshell jdk.jsobject jdk.jstatd jdk.localedata jdk.management.jfr jdk.naming.dns jdk.naming.rmi jdk.net jdk.nio.mapmode jdk.random jdk.sctp jdk.security.auth jdk.security.jgss jdk.unsupported jdk.unsupported.desktop jdk.xml.dom" 

Environment Variables:
PATH=C:\Program Files\Common Files\Oracle\Java\javapath;C:\WINDOWS\system32;C:\WINDOWS;C:\WINDOWS\System32\Wbem;C:\WINDOWS\System32\WindowsPowerShell\v1.0\;C:\Program Files (x86)\Git\cmd;C:\Program Files\Android\Android Studio\jbr\bin;C:\Users\asus\AppData\Local\nvm;C:\nvm4w\nodejs;C:\Users\asus\AppData\Local\Android\Sdk\platform-tools;C:\Users\asus\AppData\Local\Android\Sdk\tools;C:\Users\asus\AppData\Local\Microsoft\WindowsApps;C:\Users\asus\AppData\Local\Programs\Microsoft VS Code\bin;C:\Users\asus\AppData\Roaming\npm;C:\Users\asus\AppData\Local\GitHubDesktop\bin;C:\Users\asus\AppData\Local\Programs\Antigravity\bin;C:\Users\asus\AppData\Local\nvm;C:\nvm4w\nodejs
USERNAME=asus
OS=Windows_NT
PROCESSOR_IDENTIFIER=Intel64 Family 6 Model 151 Stepping 5, GenuineIntel
TMP=C:\Users\asus\AppData\Local\Temp
TEMP=C:\Users\asus\AppData\Local\Temp




Periodic native trim disabled

---------------  S Y S T E M  ---------------

OS:
 Windows 11 , 64 bit Build 26100 (10.0.26100.4484)
OS uptime: 0 days 1:45 hours

CPU: total 12 (initial active 12) (6 cores per cpu, 2 threads per core) family 6 model 151 stepping 5 microcode 0x34, cx8, cmov, fxsr, ht, mmx, 3dnowpref, sse, sse2, sse3, ssse3, sse4.1, sse4.2, popcnt, lzcnt, tsc, tscinvbit, avx, avx2, aes, erms, clmul, bmi1, bmi2, adx, sha, fma, vzeroupper, clflush, clflushopt, clwb, serialize, rdtscp, rdpid, fsrm, f16c, pku, cet_ibt, cet_ss
Processor Information for the first 12 processors :
  Max Mhz: 2500, Current Mhz: 2500, Mhz Limit: 2500

Memory: 4k page, system-wide physical 16197M (2792M free)
TotalPageFile size 22748M (AvailPageFile size 0M)
current process WorkingSet (physical memory assigned to process): 93M, peak: 360M
current process commit charge ("private bytes"): 409M, peak: 445M

vm_info: OpenJDK 64-Bit Server VM (21.0.10+7-LTS) for windows-amd64 JRE (21.0.10+7-LTS), built on 2026-01-20T00:00:00Z by "admin" with MS VC++ 17.12 (VS2022)

END.
